{"/Users/frankiewong/Documents/college/2016Fall/comp431/hw5/src/actions.js":{"path":"/Users/frankiewong/Documents/college/2016Fall/comp431/hw5/src/actions.js","s":{"1":1,"2":1,"3":1,"4":1,"5":1,"6":1,"7":1,"8":1,"9":1,"10":1,"11":1,"12":1,"13":1,"14":2,"15":1,"16":1,"17":1,"18":1,"19":1,"20":1,"21":1,"22":1,"23":1,"24":1,"25":1,"26":1,"27":0,"28":0,"29":0,"30":0,"31":0,"32":0,"33":0,"34":1},"b":{"1":[0,2],"2":[2,2],"3":[0,0],"4":[0,0],"5":[0,0]},"f":{"1":2,"2":1,"3":1,"4":1,"5":1,"6":1,"7":0,"8":0},"fnMap":{"1":{"name":"_interopRequireDefault","line":22,"loc":{"start":{"line":0,"column":0},"end":{"line":0,"column":0},"skip":true},"skip":true},"2":{"name":"navToProfile","line":26,"loc":{"start":{"line":6,"column":7},"end":{"line":6,"column":31}}},"3":{"name":"navToMain","line":29,"loc":{"start":{"line":7,"column":7},"end":{"line":7,"column":28}}},"4":{"name":"navToLanding","line":32,"loc":{"start":{"line":8,"column":7},"end":{"line":8,"column":31}}},"5":{"name":"updateSuccessMsg","line":35,"loc":{"start":{"line":9,"column":7},"end":{"line":9,"column":45}}},"6":{"name":"updateErrorMsg","line":38,"loc":{"start":{"line":10,"column":7},"end":{"line":10,"column":41}}},"7":{"name":"resource","line":42,"loc":{"start":{"line":12,"column":7},"end":{"line":12,"column":52}}},"8":{"name":"(anonymous_8)","line":52,"loc":{"start":{"line":23,"column":10},"end":{"line":23,"column":15}}}},"statementMap":{"1":{"start":{"line":0,"column":0},"end":{"line":0,"column":0},"skip":true},"2":{"start":{"line":0,"column":0},"end":{"line":0,"column":0},"skip":true},"3":{"start":{"line":0,"column":0},"end":{"line":0,"column":0},"skip":true},"4":{"start":{"line":0,"column":0},"end":{"line":0,"column":0},"skip":true},"5":{"start":{"line":0,"column":0},"end":{"line":0,"column":0},"skip":true},"6":{"start":{"line":0,"column":0},"end":{"line":0,"column":0},"skip":true},"7":{"start":{"line":0,"column":0},"end":{"line":0,"column":0},"skip":true},"8":{"start":{"line":0,"column":0},"end":{"line":0,"column":0},"skip":true},"9":{"start":{"line":1,"column":-15},"end":{"line":1,"column":-15}},"10":{"start":{"line":0,"column":0},"end":{"line":0,"column":0},"skip":true},"11":{"start":{"line":2,"column":0},"end":{"line":2,"column":0}},"12":{"start":{"line":0,"column":0},"end":{"line":0,"column":0},"skip":true},"13":{"start":{"line":0,"column":0},"end":{"line":0,"column":0},"skip":true},"14":{"start":{"line":0,"column":0},"end":{"line":0,"column":0},"skip":true},"15":{"start":{"line":4,"column":0},"end":{"line":4,"column":0}},"16":{"start":{"line":6,"column":7},"end":{"line":6,"column":61}},"17":{"start":{"line":6,"column":33},"end":{"line":6,"column":33}},"18":{"start":{"line":7,"column":7},"end":{"line":7,"column":55}},"19":{"start":{"line":7,"column":30},"end":{"line":7,"column":30}},"20":{"start":{"line":8,"column":7},"end":{"line":8,"column":61}},"21":{"start":{"line":8,"column":33},"end":{"line":8,"column":33}},"22":{"start":{"line":9,"column":7},"end":{"line":9,"column":87}},"23":{"start":{"line":9,"column":47},"end":{"line":9,"column":47}},"24":{"start":{"line":10,"column":7},"end":{"line":10,"column":79}},"25":{"start":{"line":10,"column":43},"end":{"line":10,"column":43}},"26":{"start":{"line":12,"column":7},"end":{"line":30,"column":1}},"27":{"start":{"line":13,"column":2},"end":{"line":13,"column":2}},"28":{"start":{"line":20,"column":2},"end":{"line":20,"column":15}},"29":{"start":{"line":20,"column":15},"end":{"line":20,"column":15}},"30":{"start":{"line":22,"column":2},"end":{"line":22,"column":2}},"31":{"start":{"line":24,"column":6},"end":{"line":28,"column":7}},"32":{"start":{"line":25,"column":8},"end":{"line":25,"column":8}},"33":{"start":{"line":27,"column":8},"end":{"line":27,"column":8}},"34":{"start":{"line":0,"column":0},"end":{"line":0,"column":0},"skip":true}},"branchMap":{"1":{"line":22,"type":"cond-expr","locations":[{"start":{"line":0,"column":0},"end":{"line":0,"column":0},"skip":true},{"start":{"line":0,"column":0},"end":{"line":0,"column":0},"skip":true}]},"2":{"line":22,"type":"binary-expr","locations":[{"start":{"line":0,"column":0},"end":{"line":0,"column":0},"skip":true},{"start":{"line":0,"column":0},"end":{"line":0,"column":0},"skip":true}]},"3":{"line":50,"type":"if","locations":[{"start":{"line":20,"column":2},"end":{"line":20,"column":2}},{"start":{"line":20,"column":2},"end":{"line":20,"column":2}}]},"4":{"line":53,"type":"if","locations":[{"start":{"line":24,"column":6},"end":{"line":24,"column":6}},{"start":{"line":24,"column":6},"end":{"line":24,"column":6}}]},"5":{"line":54,"type":"cond-expr","locations":[{"start":{"line":25,"column":69},"end":{"line":25,"column":15}},{"start":{"line":25,"column":80},"end":{"line":25,"column":8}}]}}},"/Users/frankiewong/Documents/college/2016Fall/comp431/hw5/src/actions.spec.js":{"path":"/Users/frankiewong/Documents/college/2016Fall/comp431/hw5/src/actions.spec.js","s":{"1":1,"2":1,"3":1,"4":1,"5":1,"6":1,"7":1,"8":2,"9":1,"10":0,"11":0,"12":0,"13":0,"14":0,"15":0,"16":0,"17":0,"18":0,"19":0,"20":0,"21":0,"22":0,"23":0,"24":0,"25":0,"26":0,"27":0,"28":0,"29":0,"30":0,"31":0,"32":0,"33":0,"34":0,"35":0,"36":0,"37":0,"38":0,"39":0,"40":0,"41":0,"42":0,"43":0,"44":0,"45":0,"46":0,"47":0,"48":0,"49":0,"50":0,"51":0,"52":0,"53":0,"54":0,"55":0,"56":0},"b":{"1":[0,2],"2":[2,2],"3":[0,0],"4":[0,0]},"f":{"1":2,"2":0,"3":0,"4":0,"5":0,"6":0,"7":0,"8":0,"9":0,"10":0,"11":0,"12":0,"13":0,"14":0,"15":0,"16":0,"17":0},"fnMap":{"1":{"name":"_interopRequireDefault","line":15,"loc":{"start":{"line":0,"column":0},"end":{"line":0,"column":0},"skip":true},"skip":true},"2":{"name":"(anonymous_2)","line":17,"loc":{"start":{"line":9,"column":24},"end":{"line":9,"column":30}}},"3":{"name":"(anonymous_3)","line":19,"loc":{"start":{"line":11,"column":34},"end":{"line":11,"column":40}}},"4":{"name":"(anonymous_4)","line":24,"loc":{"start":{"line":16,"column":34},"end":{"line":16,"column":40}}},"5":{"name":"(anonymous_5)","line":29,"loc":{"start":{"line":21,"column":31},"end":{"line":21,"column":37}}},"6":{"name":"(anonymous_6)","line":38,"loc":{"start":{"line":28,"column":35},"end":{"line":28,"column":41}}},"7":{"name":"(anonymous_7)","line":40,"loc":{"start":{"line":30,"column":37},"end":{"line":30,"column":43}}},"8":{"name":"(anonymous_8)","line":46,"loc":{"start":{"line":36,"column":35},"end":{"line":36,"column":41}}},"9":{"name":"(anonymous_9)","line":55,"loc":{"start":{"line":45,"column":27},"end":{"line":45,"column":33}}},"10":{"name":"(anonymous_10)","line":57,"loc":{"start":{"line":47,"column":12},"end":{"line":47,"column":18}}},"11":{"name":"(anonymous_11)","line":67,"loc":{"start":{"line":57,"column":11},"end":{"line":57,"column":17}}},"12":{"name":"(anonymous_12)","line":74,"loc":{"start":{"line":64,"column":31},"end":{"line":64,"column":41}}},"13":{"name":"(anonymous_13)","line":87,"loc":{"start":{"line":78,"column":9},"end":{"line":78,"column":9}}},"14":{"name":"(anonymous_14)","line":92,"loc":{"start":{"line":82,"column":35},"end":{"line":82,"column":45}}},"15":{"name":"(anonymous_15)","line":98,"loc":{"start":{"line":89,"column":9},"end":{"line":89,"column":9}}},"16":{"name":"(anonymous_16)","line":103,"loc":{"start":{"line":93,"column":30},"end":{"line":93,"column":40}}},"17":{"name":"(anonymous_17)","line":116,"loc":{"start":{"line":107,"column":9},"end":{"line":107,"column":9}}}},"statementMap":{"1":{"start":{"line":1,"column":-15},"end":{"line":1,"column":-15}},"2":{"start":{"line":2,"column":0},"end":{"line":2,"column":0}},"3":{"start":{"line":0,"column":0},"end":{"line":0,"column":0},"skip":true},"4":{"start":{"line":3,"column":0},"end":{"line":3,"column":0}},"5":{"start":{"line":0,"column":0},"end":{"line":0,"column":0},"skip":true},"6":{"start":{"line":6,"column":0},"end":{"line":6,"column":0}},"7":{"start":{"line":0,"column":0},"end":{"line":0,"column":0},"skip":true},"8":{"start":{"line":0,"column":0},"end":{"line":0,"column":0},"skip":true},"9":{"start":{"line":9,"column":0},"end":{"line":9,"column":0}},"10":{"start":{"line":11,"column":1},"end":{"line":11,"column":1}},"11":{"start":{"line":12,"column":2},"end":{"line":12,"column":2}},"12":{"start":{"line":13,"column":2},"end":{"line":13,"column":2}},"13":{"start":{"line":16,"column":1},"end":{"line":16,"column":1}},"14":{"start":{"line":17,"column":2},"end":{"line":17,"column":2}},"15":{"start":{"line":18,"column":2},"end":{"line":18,"column":2}},"16":{"start":{"line":21,"column":1},"end":{"line":21,"column":1}},"17":{"start":{"line":22,"column":2},"end":{"line":22,"column":2}},"18":{"start":{"line":23,"column":2},"end":{"line":23,"column":2}},"19":{"start":{"line":28,"column":0},"end":{"line":28,"column":0}},"20":{"start":{"line":30,"column":1},"end":{"line":30,"column":1}},"21":{"start":{"line":31,"column":2},"end":{"line":31,"column":2}},"22":{"start":{"line":32,"column":2},"end":{"line":32,"column":2}},"23":{"start":{"line":33,"column":2},"end":{"line":33,"column":2}},"24":{"start":{"line":36,"column":1},"end":{"line":36,"column":1}},"25":{"start":{"line":37,"column":2},"end":{"line":37,"column":2}},"26":{"start":{"line":38,"column":2},"end":{"line":38,"column":2}},"27":{"start":{"line":39,"column":2},"end":{"line":39,"column":2}},"28":{"start":{"line":44,"column":0},"end":{"line":44,"column":0}},"29":{"start":{"line":45,"column":0},"end":{"line":45,"column":0}},"30":{"start":{"line":47,"column":1},"end":{"line":47,"column":1}},"31":{"start":{"line":48,"column":4},"end":{"line":54,"column":5}},"32":{"start":{"line":49,"column":3},"end":{"line":49,"column":3}},"33":{"start":{"line":50,"column":3},"end":{"line":50,"column":3}},"34":{"start":{"line":51,"column":3},"end":{"line":51,"column":3}},"35":{"start":{"line":52,"column":3},"end":{"line":52,"column":3}},"36":{"start":{"line":53,"column":5},"end":{"line":53,"column":5}},"37":{"start":{"line":57,"column":1},"end":{"line":57,"column":1}},"38":{"start":{"line":58,"column":3},"end":{"line":61,"column":5}},"39":{"start":{"line":59,"column":3},"end":{"line":59,"column":3}},"40":{"start":{"line":60,"column":3},"end":{"line":60,"column":3}},"41":{"start":{"line":64,"column":1},"end":{"line":64,"column":1}},"42":{"start":{"line":65,"column":2},"end":{"line":65,"column":2}},"43":{"start":{"line":73,"column":2},"end":{"line":73,"column":2}},"44":{"start":{"line":77,"column":2},"end":{"line":77,"column":2}},"45":{"start":{"line":78,"column":9},"end":{"line":78,"column":9}},"46":{"start":{"line":82,"column":1},"end":{"line":82,"column":1}},"47":{"start":{"line":83,"column":2},"end":{"line":83,"column":2}},"48":{"start":{"line":88,"column":2},"end":{"line":88,"column":2}},"49":{"start":{"line":89,"column":9},"end":{"line":89,"column":9}},"50":{"start":{"line":93,"column":1},"end":{"line":93,"column":1}},"51":{"start":{"line":94,"column":2},"end":{"line":94,"column":2}},"52":{"start":{"line":102,"column":2},"end":{"line":102,"column":2}},"53":{"start":{"line":103,"column":2},"end":{"line":103,"column":2}},"54":{"start":{"line":104,"column":2},"end":{"line":104,"column":2}},"55":{"start":{"line":106,"column":2},"end":{"line":106,"column":2}},"56":{"start":{"line":107,"column":9},"end":{"line":107,"column":9}}},"branchMap":{"1":{"line":15,"type":"cond-expr","locations":[{"start":{"line":0,"column":0},"end":{"line":0,"column":0},"skip":true},{"start":{"line":0,"column":0},"end":{"line":0,"column":0},"skip":true}]},"2":{"line":15,"type":"binary-expr","locations":[{"start":{"line":0,"column":0},"end":{"line":0,"column":0},"skip":true},{"start":{"line":0,"column":0},"end":{"line":0,"column":0},"skip":true}]},"3":{"line":58,"type":"if","locations":[{"start":{"line":48,"column":4},"end":{"line":48,"column":4}},{"start":{"line":48,"column":4},"end":{"line":48,"column":4}}]},"4":{"line":68,"type":"if","locations":[{"start":{"line":58,"column":3},"end":{"line":58,"column":3}},{"start":{"line":58,"column":3},"end":{"line":58,"column":3}}]}}},"/Users/frankiewong/Documents/college/2016Fall/comp431/hw5/src/components/app.js":{"path":"/Users/frankiewong/Documents/college/2016Fall/comp431/hw5/src/components/app.js","s":{"1":1,"2":1,"3":1,"4":1,"5":1,"6":1,"7":1,"8":1,"9":1,"10":1,"11":1,"12":4,"13":1,"14":0,"15":0,"16":0,"17":0,"18":0,"19":0,"20":0,"21":0,"22":0,"23":0,"24":0,"25":0,"26":1,"27":0},"b":{"1":[3,1],"2":[4,4],"3":[0,0,0,0]},"f":{"1":4,"2":0,"3":0},"fnMap":{"1":{"name":"_interopRequireDefault","line":25,"loc":{"start":{"line":0,"column":0},"end":{"line":0,"column":0},"skip":true},"skip":true},"2":{"name":"App","line":27,"loc":{"start":{"line":8,"column":12},"end":{"line":8,"column":30}}},"3":{"name":"(anonymous_3)","line":48,"loc":{"start":{"line":23,"column":23},"end":{"line":23,"column":34}}}},"statementMap":{"1":{"start":{"line":0,"column":0},"end":{"line":0,"column":0},"skip":true},"2":{"start":{"line":1,"column":-15},"end":{"line":1,"column":-15}},"3":{"start":{"line":0,"column":0},"end":{"line":0,"column":0},"skip":true},"4":{"start":{"line":2,"column":0},"end":{"line":2,"column":0}},"5":{"start":{"line":4,"column":0},"end":{"line":4,"column":0}},"6":{"start":{"line":0,"column":0},"end":{"line":0,"column":0},"skip":true},"7":{"start":{"line":5,"column":0},"end":{"line":5,"column":0}},"8":{"start":{"line":0,"column":0},"end":{"line":0,"column":0},"skip":true},"9":{"start":{"line":6,"column":0},"end":{"line":6,"column":0}},"10":{"start":{"line":0,"column":0},"end":{"line":0,"column":0},"skip":true},"11":{"start":{"line":0,"column":0},"end":{"line":0,"column":0},"skip":true},"12":{"start":{"line":0,"column":0},"end":{"line":0,"column":0},"skip":true},"13":{"start":{"line":8,"column":0},"end":{"line":8,"column":0}},"14":{"start":{"line":8,"column":30},"end":{"line":8,"column":30}},"15":{"start":{"line":9,"column":1},"end":{"line":9,"column":1}},"16":{"start":{"line":10,"column":1},"end":{"line":10,"column":1}},"17":{"start":{"line":11,"column":15},"end":{"line":11,"column":38}},"18":{"start":{"line":11,"column":38},"end":{"line":11,"column":38}},"19":{"start":{"line":12,"column":18},"end":{"line":12,"column":44}},"20":{"start":{"line":12,"column":44},"end":{"line":12,"column":44}},"21":{"start":{"line":13,"column":19},"end":{"line":13,"column":45}},"22":{"start":{"line":13,"column":45},"end":{"line":13,"column":45}},"23":{"start":{"line":14,"column":11},"end":{"line":14,"column":37}},"24":{"start":{"line":14,"column":37},"end":{"line":14,"column":37}},"25":{"start":{"line":16,"column":1},"end":{"line":16,"column":1}},"26":{"start":{"line":0,"column":0},"end":{"line":0,"column":0},"skip":true},"27":{"start":{"line":24,"column":1},"end":{"line":24,"column":1}}},"branchMap":{"1":{"line":25,"type":"cond-expr","locations":[{"start":{"line":0,"column":0},"end":{"line":0,"column":0},"skip":true},{"start":{"line":0,"column":0},"end":{"line":0,"column":0},"skip":true}]},"2":{"line":25,"type":"binary-expr","locations":[{"start":{"line":0,"column":0},"end":{"line":0,"column":0},"skip":true},{"start":{"line":0,"column":0},"end":{"line":0,"column":0},"skip":true}]},"3":{"line":31,"type":"switch","locations":[{"start":{"line":11,"column":2},"end":{"line":11,"column":38}},{"start":{"line":12,"column":2},"end":{"line":12,"column":44}},{"start":{"line":13,"column":2},"end":{"line":13,"column":45}},{"start":{"line":14,"column":2},"end":{"line":14,"column":37}}]}}},"/Users/frankiewong/Documents/college/2016Fall/comp431/hw5/src/components/main/main.js":{"path":"/Users/frankiewong/Documents/college/2016Fall/comp431/hw5/src/components/main/main.js","s":{"1":1,"2":1,"3":1,"4":1,"5":1,"6":1,"7":1,"8":1,"9":3,"10":1,"11":0,"12":1},"b":{"1":[2,1],"2":[3,3]},"f":{"1":3,"2":0},"fnMap":{"1":{"name":"_interopRequireDefault","line":19,"loc":{"start":{"line":0,"column":0},"end":{"line":0,"column":0},"skip":true},"skip":true},"2":{"name":"Main","line":22,"loc":{"start":{"line":7,"column":13},"end":{"line":7,"column":19}}}},"statementMap":{"1":{"start":{"line":0,"column":0},"end":{"line":0,"column":0},"skip":true},"2":{"start":{"line":1,"column":-15},"end":{"line":1,"column":-15}},"3":{"start":{"line":0,"column":0},"end":{"line":0,"column":0},"skip":true},"4":{"start":{"line":3,"column":0},"end":{"line":3,"column":0}},"5":{"start":{"line":0,"column":0},"end":{"line":0,"column":0},"skip":true},"6":{"start":{"line":4,"column":0},"end":{"line":4,"column":0}},"7":{"start":{"line":0,"column":0},"end":{"line":0,"column":0},"skip":true},"8":{"start":{"line":0,"column":0},"end":{"line":0,"column":0},"skip":true},"9":{"start":{"line":0,"column":0},"end":{"line":0,"column":0},"skip":true},"10":{"start":{"line":7,"column":0},"end":{"line":7,"column":0}},"11":{"start":{"line":8,"column":1},"end":{"line":8,"column":1}},"12":{"start":{"line":0,"column":0},"end":{"line":0,"column":0},"skip":true}},"branchMap":{"1":{"line":19,"type":"cond-expr","locations":[{"start":{"line":0,"column":0},"end":{"line":0,"column":0},"skip":true},{"start":{"line":0,"column":0},"end":{"line":0,"column":0},"skip":true}]},"2":{"line":19,"type":"binary-expr","locations":[{"start":{"line":0,"column":0},"end":{"line":0,"column":0},"skip":true},{"start":{"line":0,"column":0},"end":{"line":0,"column":0},"skip":true}]}}},"/Users/frankiewong/Documents/college/2016Fall/comp431/hw5/src/components/article/articlesView.js":{"path":"/Users/frankiewong/Documents/college/2016Fall/comp431/hw5/src/components/article/articlesView.js","s":{"1":1,"2":1,"3":1,"4":1,"5":1,"6":1,"7":1,"8":1,"9":1,"10":1,"11":1,"12":3,"13":1,"14":1,"15":1,"16":1,"17":1,"18":1,"19":1,"20":0,"21":0,"22":2,"23":2,"24":2,"25":1,"26":1,"27":0,"28":0,"29":0},"b":{"1":[2,1],"2":[3,3]},"f":{"1":3,"2":1,"3":0,"4":0,"5":2,"6":2,"7":2,"8":0,"9":0,"10":0},"fnMap":{"1":{"name":"_interopRequireDefault","line":24,"loc":{"start":{"line":0,"column":0},"end":{"line":0,"column":0},"skip":true},"skip":true},"2":{"name":"ArticlesView","line":26,"loc":{"start":{"line":8,"column":28},"end":{"line":9,"column":21}}},"3":{"name":"ref","line":42,"loc":{"start":{"line":17,"column":9},"end":{"line":17,"column":9}}},"4":{"name":"onChange","line":45,"loc":{"start":{"line":18,"column":14},"end":{"line":18,"column":14}}},"5":{"name":"(anonymous_5)","line":54,"loc":{"start":{"line":26,"column":10},"end":{"line":26,"column":10}}},"6":{"name":"(anonymous_6)","line":56,"loc":{"start":{"line":27,"column":13},"end":{"line":27,"column":13}}},"7":{"name":"(anonymous_7)","line":58,"loc":{"start":{"line":29,"column":10},"end":{"line":29,"column":10}}},"8":{"name":"(anonymous_8)","line":77,"loc":{"start":{"line":52,"column":1},"end":{"line":52,"column":12}}},"9":{"name":"(anonymous_9)","line":83,"loc":{"start":{"line":57,"column":4},"end":{"line":57,"column":18}}},"10":{"name":"updateKeyword","line":85,"loc":{"start":{"line":58,"column":20},"end":{"line":58,"column":20}}}},"statementMap":{"1":{"start":{"line":0,"column":0},"end":{"line":0,"column":0},"skip":true},"2":{"start":{"line":0,"column":0},"end":{"line":0,"column":0},"skip":true},"3":{"start":{"line":1,"column":-15},"end":{"line":1,"column":-15}},"4":{"start":{"line":0,"column":0},"end":{"line":0,"column":0},"skip":true},"5":{"start":{"line":2,"column":0},"end":{"line":2,"column":0}},"6":{"start":{"line":4,"column":0},"end":{"line":4,"column":0}},"7":{"start":{"line":0,"column":0},"end":{"line":0,"column":0},"skip":true},"8":{"start":{"line":5,"column":0},"end":{"line":5,"column":0}},"9":{"start":{"line":0,"column":0},"end":{"line":0,"column":0},"skip":true},"10":{"start":{"line":6,"column":0},"end":{"line":6,"column":0}},"11":{"start":{"line":0,"column":0},"end":{"line":0,"column":0},"skip":true},"12":{"start":{"line":0,"column":0},"end":{"line":0,"column":0},"skip":true},"13":{"start":{"line":8,"column":7},"end":{"line":8,"column":7}},"14":{"start":{"line":9,"column":21},"end":{"line":9,"column":21}},"15":{"start":{"line":9,"column":21},"end":{"line":9,"column":21}},"16":{"start":{"line":9,"column":21},"end":{"line":9,"column":21}},"17":{"start":{"line":9,"column":21},"end":{"line":9,"column":21}},"18":{"start":{"line":10,"column":1},"end":{"line":10,"column":1}},"19":{"start":{"line":11,"column":1},"end":{"line":11,"column":1}},"20":{"start":{"line":17,"column":9},"end":{"line":17,"column":9}},"21":{"start":{"line":18,"column":14},"end":{"line":18,"column":14}},"22":{"start":{"line":26,"column":10},"end":{"line":26,"column":10}},"23":{"start":{"line":27,"column":13},"end":{"line":27,"column":13}},"24":{"start":{"line":29,"column":10},"end":{"line":29,"column":10}},"25":{"start":{"line":44,"column":0},"end":{"line":44,"column":0}},"26":{"start":{"line":0,"column":0},"end":{"line":0,"column":0},"skip":true},"27":{"start":{"line":52,"column":13},"end":{"line":52,"column":13}},"28":{"start":{"line":57,"column":19},"end":{"line":57,"column":19}},"29":{"start":{"line":58,"column":20},"end":{"line":58,"column":20}}},"branchMap":{"1":{"line":24,"type":"cond-expr","locations":[{"start":{"line":0,"column":0},"end":{"line":0,"column":0},"skip":true},{"start":{"line":0,"column":0},"end":{"line":0,"column":0},"skip":true}]},"2":{"line":24,"type":"binary-expr","locations":[{"start":{"line":0,"column":0},"end":{"line":0,"column":0},"skip":true},{"start":{"line":0,"column":0},"end":{"line":0,"column":0},"skip":true}]}}},"/Users/frankiewong/Documents/college/2016Fall/comp431/hw5/src/components/article/newArticle.js":{"path":"/Users/frankiewong/Documents/college/2016Fall/comp431/hw5/src/components/article/newArticle.js","s":{"1":1,"2":1,"3":1,"4":1,"5":1,"6":1,"7":1,"8":1,"9":1,"10":0,"11":0,"12":0,"13":0,"14":0,"15":1,"16":0,"17":0},"b":{"1":[0,1],"2":[1,1]},"f":{"1":1,"2":0,"3":0,"4":0,"5":0,"6":0},"fnMap":{"1":{"name":"_interopRequireDefault","line":16,"loc":{"start":{"line":0,"column":0},"end":{"line":0,"column":0},"skip":true},"skip":true},"2":{"name":"NewArticle","line":18,"loc":{"start":{"line":5,"column":26},"end":{"line":5,"column":48}}},"3":{"name":"ref","line":47,"loc":{"start":{"line":21,"column":21},"end":{"line":21,"column":21}}},"4":{"name":"onClick","line":75,"loc":{"start":{"line":39,"column":8},"end":{"line":39,"column":8}}},"5":{"name":"(anonymous_5)","line":84,"loc":{"start":{"line":47,"column":29},"end":{"line":47,"column":43}}},"6":{"name":"addArticle","line":86,"loc":{"start":{"line":49,"column":14},"end":{"line":49,"column":14}}}},"statementMap":{"1":{"start":{"line":0,"column":0},"end":{"line":0,"column":0},"skip":true},"2":{"start":{"line":0,"column":0},"end":{"line":0,"column":0},"skip":true},"3":{"start":{"line":1,"column":-15},"end":{"line":1,"column":-15}},"4":{"start":{"line":0,"column":0},"end":{"line":0,"column":0},"skip":true},"5":{"start":{"line":2,"column":0},"end":{"line":2,"column":0}},"6":{"start":{"line":3,"column":0},"end":{"line":3,"column":0}},"7":{"start":{"line":0,"column":0},"end":{"line":0,"column":0},"skip":true},"8":{"start":{"line":0,"column":0},"end":{"line":0,"column":0},"skip":true},"9":{"start":{"line":5,"column":7},"end":{"line":5,"column":7}},"10":{"start":{"line":5,"column":48},"end":{"line":5,"column":48}},"11":{"start":{"line":6,"column":1},"end":{"line":6,"column":1}},"12":{"start":{"line":7,"column":1},"end":{"line":7,"column":1}},"13":{"start":{"line":21,"column":21},"end":{"line":21,"column":21}},"14":{"start":{"line":39,"column":8},"end":{"line":39,"column":8}},"15":{"start":{"line":0,"column":0},"end":{"line":0,"column":0},"skip":true},"16":{"start":{"line":48,"column":1},"end":{"line":48,"column":1}},"17":{"start":{"line":49,"column":14},"end":{"line":49,"column":14}}},"branchMap":{"1":{"line":16,"type":"cond-expr","locations":[{"start":{"line":0,"column":0},"end":{"line":0,"column":0},"skip":true},{"start":{"line":0,"column":0},"end":{"line":0,"column":0},"skip":true}]},"2":{"line":16,"type":"binary-expr","locations":[{"start":{"line":0,"column":0},"end":{"line":0,"column":0},"skip":true},{"start":{"line":0,"column":0},"end":{"line":0,"column":0},"skip":true}]}}},"/Users/frankiewong/Documents/college/2016Fall/comp431/hw5/src/components/article/articleActions.js":{"path":"/Users/frankiewong/Documents/college/2016Fall/comp431/hw5/src/components/article/articleActions.js","s":{"1":1,"2":1,"3":1,"4":1,"5":1,"6":1,"7":1,"8":1,"9":2,"10":1,"11":0,"12":0,"13":0,"14":0,"15":0,"16":0,"17":0,"18":1,"19":0,"20":0,"21":0,"22":0,"23":0,"24":0,"25":0,"26":0,"27":0,"28":0,"29":0,"30":0,"31":0,"32":0,"33":0,"34":0,"35":1,"36":1,"37":1,"38":1,"39":1,"40":1,"41":1,"42":1,"43":1,"44":1,"45":1,"46":1,"47":1,"48":5,"49":5,"50":5,"51":5,"52":1,"53":4,"54":1,"55":3,"56":3,"57":3,"58":3,"59":3,"60":3,"61":1,"62":2,"63":1,"64":1,"65":1,"66":8,"67":2,"68":6,"69":6,"70":2,"71":4},"b":{"1":[0,2],"2":[2,2],"3":[1,4],"4":[1,3],"5":[1,2],"6":[1,1],"7":[2,6],"8":[2,4],"9":[6,5]},"f":{"1":2,"2":0,"3":0,"4":0,"5":0,"6":0,"7":0,"8":0,"9":0,"10":0,"11":0,"12":0,"13":0,"14":0,"15":0,"16":1,"17":1,"18":1,"19":1,"20":1,"21":5,"22":8},"fnMap":{"1":{"name":"_interopRequireDefault","line":18,"loc":{"start":{"line":0,"column":0},"end":{"line":0,"column":0},"skip":true},"skip":true},"2":{"name":"fetchArticles","line":22,"loc":{"start":{"line":7,"column":29},"end":{"line":7,"column":35}}},"3":{"name":"(anonymous_3)","line":23,"loc":{"start":{"line":8,"column":8},"end":{"line":8,"column":22}}},"4":{"name":"(anonymous_4)","line":24,"loc":{"start":{"line":9,"column":35},"end":{"line":9,"column":35}}},"5":{"name":"(anonymous_5)","line":26,"loc":{"start":{"line":9,"column":57},"end":{"line":9,"column":62}}},"6":{"name":"(anonymous_6)","line":28,"loc":{"start":{"line":11,"column":13},"end":{"line":11,"column":26}}},"7":{"name":"fetchAvatars","line":38,"loc":{"start":{"line":21,"column":28},"end":{"line":21,"column":34}}},"8":{"name":"(anonymous_8)","line":39,"loc":{"start":{"line":22,"column":8},"end":{"line":22,"column":22}}},"9":{"name":"(anonymous_9)","line":40,"loc":{"start":{"line":24,"column":9},"end":{"line":24,"column":9}}},"10":{"name":"(anonymous_10)","line":42,"loc":{"start":{"line":25,"column":9},"end":{"line":25,"column":14}}},"11":{"name":"(anonymous_11)","line":45,"loc":{"start":{"line":28,"column":14},"end":{"line":28,"column":24}}},"12":{"name":"(anonymous_12)","line":51,"loc":{"start":{"line":34,"column":14},"end":{"line":34,"column":24}}},"13":{"name":"(anonymous_13)","line":52,"loc":{"start":{"line":36,"column":46},"end":{"line":36,"column":53}}},"14":{"name":"(anonymous_14)","line":58,"loc":{"start":{"line":42,"column":50},"end":{"line":42,"column":57}}},"15":{"name":"(anonymous_15)","line":63,"loc":{"start":{"line":48,"column":11},"end":{"line":48,"column":17}}},"16":{"name":"updateArticles","line":71,"loc":{"start":{"line":56,"column":30},"end":{"line":56,"column":44}}},"17":{"name":"updateAvatars","line":75,"loc":{"start":{"line":60,"column":29},"end":{"line":60,"column":42}}},"18":{"name":"updateKeyword","line":79,"loc":{"start":{"line":64,"column":29},"end":{"line":64,"column":42}}},"19":{"name":"addArticle","line":83,"loc":{"start":{"line":68,"column":26},"end":{"line":68,"column":39}}},"20":{"name":"parseDate","line":88,"loc":{"start":{"line":73,"column":25},"end":{"line":73,"column":35}}},"21":{"name":"sortByDate","line":95,"loc":{"start":{"line":80,"column":26},"end":{"line":80,"column":36}}},"22":{"name":"filterByKeyword","line":121,"loc":{"start":{"line":106,"column":31},"end":{"line":106,"column":53}}}},"statementMap":{"1":{"start":{"line":0,"column":0},"end":{"line":0,"column":0},"skip":true},"2":{"start":{"line":0,"column":0},"end":{"line":0,"column":0},"skip":true},"3":{"start":{"line":1,"column":-15},"end":{"line":1,"column":-15}},"4":{"start":{"line":0,"column":0},"end":{"line":0,"column":0},"skip":true},"5":{"start":{"line":2,"column":0},"end":{"line":2,"column":0}},"6":{"start":{"line":0,"column":0},"end":{"line":0,"column":0},"skip":true},"7":{"start":{"line":3,"column":0},"end":{"line":3,"column":0}},"8":{"start":{"line":0,"column":0},"end":{"line":0,"column":0},"skip":true},"9":{"start":{"line":0,"column":0},"end":{"line":0,"column":0},"skip":true},"10":{"start":{"line":7,"column":7},"end":{"line":7,"column":7}},"11":{"start":{"line":8,"column":1},"end":{"line":8,"column":1}},"12":{"start":{"line":9,"column":2},"end":{"line":9,"column":2}},"13":{"start":{"line":9,"column":35},"end":{"line":9,"column":35}},"14":{"start":{"line":10,"column":3},"end":{"line":10,"column":3}},"15":{"start":{"line":11,"column":3},"end":{"line":11,"column":3}},"16":{"start":{"line":12,"column":4},"end":{"line":12,"column":4}},"17":{"start":{"line":14,"column":3},"end":{"line":14,"column":3}},"18":{"start":{"line":21,"column":7},"end":{"line":21,"column":7}},"19":{"start":{"line":22,"column":1},"end":{"line":22,"column":1}},"20":{"start":{"line":23,"column":2},"end":{"line":23,"column":2}},"21":{"start":{"line":24,"column":9},"end":{"line":24,"column":9}},"22":{"start":{"line":26,"column":4},"end":{"line":26,"column":4}},"23":{"start":{"line":27,"column":4},"end":{"line":27,"column":4}},"24":{"start":{"line":28,"column":4},"end":{"line":28,"column":4}},"25":{"start":{"line":29,"column":5},"end":{"line":29,"column":5}},"26":{"start":{"line":34,"column":4},"end":{"line":34,"column":4}},"27":{"start":{"line":35,"column":5},"end":{"line":35,"column":5}},"28":{"start":{"line":37,"column":8},"end":{"line":37,"column":8}},"29":{"start":{"line":39,"column":5},"end":{"line":39,"column":5}},"30":{"start":{"line":42,"column":4},"end":{"line":42,"column":4}},"31":{"start":{"line":43,"column":5},"end":{"line":43,"column":5}},"32":{"start":{"line":45,"column":4},"end":{"line":45,"column":4}},"33":{"start":{"line":47,"column":4},"end":{"line":47,"column":4}},"34":{"start":{"line":49,"column":6},"end":{"line":49,"column":6}},"35":{"start":{"line":56,"column":7},"end":{"line":56,"column":7}},"36":{"start":{"line":57,"column":1},"end":{"line":57,"column":1}},"37":{"start":{"line":60,"column":7},"end":{"line":60,"column":7}},"38":{"start":{"line":61,"column":1},"end":{"line":61,"column":1}},"39":{"start":{"line":64,"column":7},"end":{"line":64,"column":7}},"40":{"start":{"line":65,"column":1},"end":{"line":65,"column":1}},"41":{"start":{"line":68,"column":7},"end":{"line":68,"column":7}},"42":{"start":{"line":69,"column":1},"end":{"line":69,"column":1}},"43":{"start":{"line":73,"column":7},"end":{"line":73,"column":7}},"44":{"start":{"line":74,"column":1},"end":{"line":74,"column":1}},"45":{"start":{"line":75,"column":1},"end":{"line":75,"column":1}},"46":{"start":{"line":76,"column":1},"end":{"line":76,"column":1}},"47":{"start":{"line":80,"column":7},"end":{"line":80,"column":7}},"48":{"start":{"line":81,"column":1},"end":{"line":81,"column":1}},"49":{"start":{"line":82,"column":1},"end":{"line":82,"column":1}},"50":{"start":{"line":83,"column":1},"end":{"line":83,"column":1}},"51":{"start":{"line":84,"column":1},"end":{"line":102,"column":2}},"52":{"start":{"line":85,"column":2},"end":{"line":85,"column":2}},"53":{"start":{"line":86,"column":8},"end":{"line":102,"column":2}},"54":{"start":{"line":87,"column":2},"end":{"line":87,"column":2}},"55":{"start":{"line":90,"column":2},"end":{"line":90,"column":2}},"56":{"start":{"line":91,"column":2},"end":{"line":91,"column":2}},"57":{"start":{"line":92,"column":2},"end":{"line":92,"column":2}},"58":{"start":{"line":93,"column":2},"end":{"line":93,"column":2}},"59":{"start":{"line":94,"column":2},"end":{"line":94,"column":2}},"60":{"start":{"line":95,"column":2},"end":{"line":101,"column":3}},"61":{"start":{"line":96,"column":3},"end":{"line":96,"column":3}},"62":{"start":{"line":97,"column":9},"end":{"line":101,"column":3}},"63":{"start":{"line":98,"column":3},"end":{"line":98,"column":3}},"64":{"start":{"line":100,"column":3},"end":{"line":100,"column":3}},"65":{"start":{"line":106,"column":7},"end":{"line":106,"column":7}},"66":{"start":{"line":107,"column":1},"end":{"line":116,"column":2}},"67":{"start":{"line":108,"column":2},"end":{"line":108,"column":2}},"68":{"start":{"line":110,"column":2},"end":{"line":110,"column":2}},"69":{"start":{"line":111,"column":2},"end":{"line":114,"column":3}},"70":{"start":{"line":113,"column":3},"end":{"line":113,"column":3}},"71":{"start":{"line":115,"column":2},"end":{"line":115,"column":2}}},"branchMap":{"1":{"line":18,"type":"cond-expr","locations":[{"start":{"line":0,"column":0},"end":{"line":0,"column":0},"skip":true},{"start":{"line":0,"column":0},"end":{"line":0,"column":0},"skip":true}]},"2":{"line":18,"type":"binary-expr","locations":[{"start":{"line":0,"column":0},"end":{"line":0,"column":0},"skip":true},{"start":{"line":0,"column":0},"end":{"line":0,"column":0},"skip":true}]},"3":{"line":99,"type":"if","locations":[{"start":{"line":84,"column":1},"end":{"line":84,"column":1}},{"start":{"line":84,"column":1},"end":{"line":84,"column":1}}]},"4":{"line":101,"type":"if","locations":[{"start":{"line":86,"column":8},"end":{"line":86,"column":8}},{"start":{"line":86,"column":8},"end":{"line":86,"column":8}}]},"5":{"line":110,"type":"if","locations":[{"start":{"line":95,"column":2},"end":{"line":95,"column":2}},{"start":{"line":95,"column":2},"end":{"line":95,"column":2}}]},"6":{"line":112,"type":"if","locations":[{"start":{"line":97,"column":9},"end":{"line":97,"column":9}},{"start":{"line":97,"column":9},"end":{"line":97,"column":9}}]},"7":{"line":122,"type":"if","locations":[{"start":{"line":107,"column":1},"end":{"line":107,"column":1}},{"start":{"line":107,"column":1},"end":{"line":107,"column":1}}]},"8":{"line":126,"type":"if","locations":[{"start":{"line":111,"column":2},"end":{"line":111,"column":2}},{"start":{"line":111,"column":2},"end":{"line":111,"column":2}}]},"9":{"line":126,"type":"binary-expr","locations":[{"start":{"line":111,"column":7},"end":{"line":111,"column":6}},{"start":{"line":112,"column":4},"end":{"line":111,"column":2}}]}}},"/Users/frankiewong/Documents/college/2016Fall/comp431/hw5/src/components/article/article.js":{"path":"/Users/frankiewong/Documents/college/2016Fall/comp431/hw5/src/components/article/article.js","s":{"1":1,"2":1,"3":1,"4":1,"5":1,"6":1,"7":1,"8":1,"9":1,"10":0,"11":0,"12":0,"13":0,"14":0,"15":0,"16":0,"17":0,"18":0,"19":1,"20":1,"21":0},"b":{"1":[0,1],"2":[1,1],"3":[0,0],"4":[0,0]},"f":{"1":1,"2":0,"3":0},"fnMap":{"1":{"name":"_interopRequireDefault","line":17,"loc":{"start":{"line":0,"column":0},"end":{"line":0,"column":0},"skip":true},"skip":true},"2":{"name":"Article","line":19,"loc":{"start":{"line":6,"column":16},"end":{"line":6,"column":75}}},"3":{"name":"(anonymous_3)","line":111,"loc":{"start":{"line":50,"column":23},"end":{"line":50,"column":34}}}},"statementMap":{"1":{"start":{"line":0,"column":0},"end":{"line":0,"column":0},"skip":true},"2":{"start":{"line":1,"column":-15},"end":{"line":1,"column":-15}},"3":{"start":{"line":0,"column":0},"end":{"line":0,"column":0},"skip":true},"4":{"start":{"line":2,"column":0},"end":{"line":2,"column":0}},"5":{"start":{"line":3,"column":0},"end":{"line":3,"column":0}},"6":{"start":{"line":4,"column":0},"end":{"line":4,"column":0}},"7":{"start":{"line":0,"column":0},"end":{"line":0,"column":0},"skip":true},"8":{"start":{"line":0,"column":0},"end":{"line":0,"column":0},"skip":true},"9":{"start":{"line":6,"column":0},"end":{"line":6,"column":0}},"10":{"start":{"line":6,"column":75},"end":{"line":6,"column":75}},"11":{"start":{"line":6,"column":75},"end":{"line":6,"column":75}},"12":{"start":{"line":6,"column":75},"end":{"line":6,"column":75}},"13":{"start":{"line":6,"column":75},"end":{"line":6,"column":75}},"14":{"start":{"line":6,"column":75},"end":{"line":6,"column":75}},"15":{"start":{"line":6,"column":75},"end":{"line":6,"column":75}},"16":{"start":{"line":6,"column":75},"end":{"line":6,"column":75}},"17":{"start":{"line":7,"column":1},"end":{"line":7,"column":1}},"18":{"start":{"line":8,"column":1},"end":{"line":8,"column":1}},"19":{"start":{"line":40,"column":0},"end":{"line":40,"column":0}},"20":{"start":{"line":0,"column":0},"end":{"line":0,"column":0},"skip":true},"21":{"start":{"line":51,"column":1},"end":{"line":51,"column":1}}},"branchMap":{"1":{"line":17,"type":"cond-expr","locations":[{"start":{"line":0,"column":0},"end":{"line":0,"column":0},"skip":true},{"start":{"line":0,"column":0},"end":{"line":0,"column":0},"skip":true}]},"2":{"line":17,"type":"binary-expr","locations":[{"start":{"line":0,"column":0},"end":{"line":0,"column":0},"skip":true},{"start":{"line":0,"column":0},"end":{"line":0,"column":0},"skip":true}]},"3":{"line":78,"type":"cond-expr","locations":[{"start":{"line":27,"column":18},"end":{"line":27,"column":4}},{"start":{"line":27,"column":54},"end":{"line":9,"column":1}}]},"4":{"line":87,"type":"cond-expr","locations":[{"start":{"line":31,"column":10},"end":{"line":30,"column":11}},{"start":{"line":32,"column":10},"end":{"line":29,"column":8}}]}}},"/Users/frankiewong/Documents/college/2016Fall/comp431/hw5/src/components/article/comment.js":{"path":"/Users/frankiewong/Documents/college/2016Fall/comp431/hw5/src/components/article/comment.js","s":{"1":1,"2":1,"3":1,"4":1,"5":1,"6":1,"7":1,"8":1,"9":1,"10":0,"11":0,"12":0,"13":0,"14":0,"15":1,"16":1,"17":0,"18":0,"19":0,"20":1},"b":{"1":[0,1],"2":[1,1]},"f":{"1":1,"2":0,"3":0,"4":0},"fnMap":{"1":{"name":"_interopRequireDefault","line":16,"loc":{"start":{"line":0,"column":0},"end":{"line":0,"column":0},"skip":true},"skip":true},"2":{"name":"Comment","line":18,"loc":{"start":{"line":5,"column":16},"end":{"line":5,"column":16}}},"3":{"name":"Comments","line":45,"loc":{"start":{"line":19,"column":17},"end":{"line":19,"column":17}}},"4":{"name":"(anonymous_4)","line":50,"loc":{"start":{"line":22,"column":16},"end":{"line":22,"column":16}}}},"statementMap":{"1":{"start":{"line":0,"column":0},"end":{"line":0,"column":0},"skip":true},"2":{"start":{"line":0,"column":0},"end":{"line":0,"column":0},"skip":true},"3":{"start":{"line":1,"column":-15},"end":{"line":1,"column":-15}},"4":{"start":{"line":0,"column":0},"end":{"line":0,"column":0},"skip":true},"5":{"start":{"line":2,"column":0},"end":{"line":2,"column":0}},"6":{"start":{"line":3,"column":0},"end":{"line":3,"column":0}},"7":{"start":{"line":0,"column":0},"end":{"line":0,"column":0},"skip":true},"8":{"start":{"line":0,"column":0},"end":{"line":0,"column":0},"skip":true},"9":{"start":{"line":5,"column":0},"end":{"line":5,"column":0}},"10":{"start":{"line":5,"column":16},"end":{"line":5,"column":16}},"11":{"start":{"line":5,"column":16},"end":{"line":5,"column":16}},"12":{"start":{"line":5,"column":16},"end":{"line":5,"column":16}},"13":{"start":{"line":5,"column":16},"end":{"line":5,"column":16}},"14":{"start":{"line":5,"column":16},"end":{"line":5,"column":16}},"15":{"start":{"line":12,"column":0},"end":{"line":12,"column":0}},"16":{"start":{"line":19,"column":0},"end":{"line":19,"column":0}},"17":{"start":{"line":19,"column":17},"end":{"line":19,"column":17}},"18":{"start":{"line":19,"column":17},"end":{"line":19,"column":17}},"19":{"start":{"line":22,"column":16},"end":{"line":22,"column":16}},"20":{"start":{"line":0,"column":0},"end":{"line":0,"column":0},"skip":true}},"branchMap":{"1":{"line":16,"type":"cond-expr","locations":[{"start":{"line":0,"column":0},"end":{"line":0,"column":0},"skip":true},{"start":{"line":0,"column":0},"end":{"line":0,"column":0},"skip":true}]},"2":{"line":16,"type":"binary-expr","locations":[{"start":{"line":0,"column":0},"end":{"line":0,"column":0},"skip":true},{"start":{"line":0,"column":0},"end":{"line":0,"column":0},"skip":true}]}}},"/Users/frankiewong/Documents/college/2016Fall/comp431/hw5/src/components/main/nav.js":{"path":"/Users/frankiewong/Documents/college/2016Fall/comp431/hw5/src/components/main/nav.js","s":{"1":1,"2":1,"3":1,"4":1,"5":1,"6":1,"7":1,"8":1,"9":1,"10":1,"11":1,"12":3,"13":1,"14":0,"15":0,"16":0,"17":0,"18":0,"19":1,"20":0,"21":0,"22":0},"b":{"1":[2,1],"2":[3,3]},"f":{"1":3,"2":0,"3":0,"4":0,"5":0,"6":0,"7":0},"fnMap":{"1":{"name":"_interopRequireDefault","line":25,"loc":{"start":{"line":0,"column":0},"end":{"line":0,"column":0},"skip":true},"skip":true},"2":{"name":"Nav","line":29,"loc":{"start":{"line":10,"column":12},"end":{"line":10,"column":12}}},"3":{"name":"onClick","line":52,"loc":{"start":{"line":18,"column":15},"end":{"line":18,"column":15}}},"4":{"name":"onClick","line":65,"loc":{"start":{"line":24,"column":15},"end":{"line":24,"column":15}}},"5":{"name":"(anonymous_5)","line":79,"loc":{"start":{"line":35,"column":29},"end":{"line":35,"column":43}}},"6":{"name":"logout","line":81,"loc":{"start":{"line":37,"column":10},"end":{"line":37,"column":10}}},"7":{"name":"navToProfile","line":84,"loc":{"start":{"line":38,"column":16},"end":{"line":38,"column":16}}}},"statementMap":{"1":{"start":{"line":0,"column":0},"end":{"line":0,"column":0},"skip":true},"2":{"start":{"line":1,"column":-15},"end":{"line":1,"column":-15}},"3":{"start":{"line":0,"column":0},"end":{"line":0,"column":0},"skip":true},"4":{"start":{"line":2,"column":0},"end":{"line":2,"column":0}},"5":{"start":{"line":3,"column":0},"end":{"line":3,"column":0}},"6":{"start":{"line":0,"column":0},"end":{"line":0,"column":0},"skip":true},"7":{"start":{"line":4,"column":0},"end":{"line":4,"column":0}},"8":{"start":{"line":0,"column":0},"end":{"line":0,"column":0},"skip":true},"9":{"start":{"line":5,"column":0},"end":{"line":5,"column":0}},"10":{"start":{"line":6,"column":0},"end":{"line":6,"column":0}},"11":{"start":{"line":0,"column":0},"end":{"line":0,"column":0},"skip":true},"12":{"start":{"line":0,"column":0},"end":{"line":0,"column":0},"skip":true},"13":{"start":{"line":10,"column":0},"end":{"line":10,"column":0}},"14":{"start":{"line":10,"column":12},"end":{"line":10,"column":12}},"15":{"start":{"line":10,"column":12},"end":{"line":10,"column":12}},"16":{"start":{"line":10,"column":12},"end":{"line":10,"column":12}},"17":{"start":{"line":18,"column":15},"end":{"line":18,"column":15}},"18":{"start":{"line":24,"column":15},"end":{"line":24,"column":15}},"19":{"start":{"line":0,"column":0},"end":{"line":0,"column":0},"skip":true},"20":{"start":{"line":36,"column":1},"end":{"line":36,"column":1}},"21":{"start":{"line":37,"column":10},"end":{"line":37,"column":10}},"22":{"start":{"line":38,"column":16},"end":{"line":38,"column":16}}},"branchMap":{"1":{"line":25,"type":"cond-expr","locations":[{"start":{"line":0,"column":0},"end":{"line":0,"column":0},"skip":true},{"start":{"line":0,"column":0},"end":{"line":0,"column":0},"skip":true}]},"2":{"line":25,"type":"binary-expr","locations":[{"start":{"line":0,"column":0},"end":{"line":0,"column":0},"skip":true},{"start":{"line":0,"column":0},"end":{"line":0,"column":0},"skip":true}]}}},"/Users/frankiewong/Documents/college/2016Fall/comp431/hw5/src/components/main/headline.js":{"path":"/Users/frankiewong/Documents/college/2016Fall/comp431/hw5/src/components/main/headline.js","s":{"1":1,"2":1,"3":1,"4":1,"5":1,"6":1,"7":1,"8":1,"9":0,"10":0,"11":0,"12":0,"13":0,"14":0,"15":0,"16":0,"17":0,"18":1,"19":1,"20":0,"21":0,"22":0},"b":{"1":[0,1],"2":[1,1],"3":[0,0]},"f":{"1":1,"2":0,"3":0,"4":0,"5":0,"6":0,"7":0},"fnMap":{"1":{"name":"_interopRequireDefault","line":15,"loc":{"start":{"line":0,"column":0},"end":{"line":0,"column":0},"skip":true},"skip":true},"2":{"name":"Headline","line":19,"loc":{"start":{"line":7,"column":17},"end":{"line":7,"column":67}}},"3":{"name":"ref","line":55,"loc":{"start":{"line":21,"column":9},"end":{"line":21,"column":9}}},"4":{"name":"onClick","line":62,"loc":{"start":{"line":24,"column":13},"end":{"line":24,"column":20}}},"5":{"name":"(anonymous_5)","line":79,"loc":{"start":{"line":42,"column":1},"end":{"line":42,"column":12}}},"6":{"name":"(anonymous_6)","line":85,"loc":{"start":{"line":47,"column":1},"end":{"line":47,"column":15}}},"7":{"name":"changeHeadline","line":87,"loc":{"start":{"line":48,"column":18},"end":{"line":48,"column":18}}}},"statementMap":{"1":{"start":{"line":0,"column":0},"end":{"line":0,"column":0},"skip":true},"2":{"start":{"line":1,"column":-15},"end":{"line":1,"column":-15}},"3":{"start":{"line":0,"column":0},"end":{"line":0,"column":0},"skip":true},"4":{"start":{"line":2,"column":0},"end":{"line":2,"column":0}},"5":{"start":{"line":3,"column":0},"end":{"line":3,"column":0}},"6":{"start":{"line":0,"column":0},"end":{"line":0,"column":0},"skip":true},"7":{"start":{"line":0,"column":0},"end":{"line":0,"column":0},"skip":true},"8":{"start":{"line":7,"column":0},"end":{"line":7,"column":0}},"9":{"start":{"line":7,"column":67},"end":{"line":7,"column":67}},"10":{"start":{"line":7,"column":67},"end":{"line":7,"column":67}},"11":{"start":{"line":7,"column":67},"end":{"line":7,"column":67}},"12":{"start":{"line":7,"column":67},"end":{"line":7,"column":67}},"13":{"start":{"line":8,"column":1},"end":{"line":8,"column":1}},"14":{"start":{"line":9,"column":1},"end":{"line":9,"column":1}},"15":{"start":{"line":21,"column":9},"end":{"line":21,"column":9}},"16":{"start":{"line":25,"column":5},"end":{"line":27,"column":6}},"17":{"start":{"line":26,"column":6},"end":{"line":26,"column":6}},"18":{"start":{"line":34,"column":0},"end":{"line":34,"column":0}},"19":{"start":{"line":0,"column":0},"end":{"line":0,"column":0},"skip":true},"20":{"start":{"line":42,"column":13},"end":{"line":42,"column":13}},"21":{"start":{"line":47,"column":16},"end":{"line":47,"column":16}},"22":{"start":{"line":48,"column":18},"end":{"line":48,"column":18}}},"branchMap":{"1":{"line":15,"type":"cond-expr","locations":[{"start":{"line":0,"column":0},"end":{"line":0,"column":0},"skip":true},{"start":{"line":0,"column":0},"end":{"line":0,"column":0},"skip":true}]},"2":{"line":15,"type":"binary-expr","locations":[{"start":{"line":0,"column":0},"end":{"line":0,"column":0},"skip":true},{"start":{"line":0,"column":0},"end":{"line":0,"column":0},"skip":true}]},"3":{"line":63,"type":"if","locations":[{"start":{"line":25,"column":5},"end":{"line":25,"column":5}},{"start":{"line":25,"column":5},"end":{"line":25,"column":5}}]}}},"/Users/frankiewong/Documents/college/2016Fall/comp431/hw5/src/components/profile/profileActions.js":{"path":"/Users/frankiewong/Documents/college/2016Fall/comp431/hw5/src/components/profile/profileActions.js","s":{"1":1,"2":1,"3":1,"4":1,"5":1,"6":1,"7":1,"8":1,"9":1,"10":1,"11":2,"12":1,"13":0,"14":0,"15":0,"16":0,"17":0,"18":0,"19":0,"20":0,"21":0,"22":0,"23":0,"24":0,"25":0,"26":0,"27":1,"28":0,"29":0,"30":0,"31":0,"32":0,"33":0,"34":1,"35":0,"36":0,"37":0,"38":0,"39":0,"40":0,"41":0,"42":1,"43":1,"44":1,"45":1,"46":1,"47":1,"48":1,"49":1,"50":1,"51":1,"52":1,"53":1,"54":1,"55":1,"56":1,"57":0,"58":0,"59":1,"60":0,"61":0,"62":0,"63":0,"64":0,"65":0,"66":0,"67":0,"68":0,"69":1,"70":1,"71":1},"b":{"1":[0,2],"2":[2,2],"3":[0,0,0,0,0],"4":[0,0],"5":[0,0],"6":[0,0],"7":[0,0],"8":[0,0],"9":[0,0],"10":[0,0],"11":[0,0],"12":[0,0,0]},"f":{"1":2,"2":0,"3":0,"4":0,"5":0,"6":0,"7":0,"8":0,"9":1,"10":1,"11":1,"12":1,"13":1,"14":1,"15":1,"16":0,"17":0,"18":0,"19":0},"fnMap":{"1":{"name":"_interopRequireDefault","line":21,"loc":{"start":{"line":0,"column":0},"end":{"line":0,"column":0},"skip":true},"skip":true},"2":{"name":"fetchField","line":24,"loc":{"start":{"line":7,"column":19},"end":{"line":7,"column":30}}},"3":{"name":"(anonymous_3)","line":25,"loc":{"start":{"line":8,"column":8},"end":{"line":8,"column":22}}},"4":{"name":"(anonymous_4)","line":26,"loc":{"start":{"line":10,"column":9},"end":{"line":10,"column":16}}},"5":{"name":"fetchProfile","line":46,"loc":{"start":{"line":31,"column":21},"end":{"line":31,"column":27}}},"6":{"name":"(anonymous_6)","line":47,"loc":{"start":{"line":32,"column":8},"end":{"line":32,"column":22}}},"7":{"name":"updateProfile","line":57,"loc":{"start":{"line":42,"column":29},"end":{"line":42,"column":59}}},"8":{"name":"(anonymous_8)","line":58,"loc":{"start":{"line":43,"column":8},"end":{"line":43,"column":22}}},"9":{"name":"updateAvatar","line":66,"loc":{"start":{"line":51,"column":28},"end":{"line":51,"column":40}}},"10":{"name":"updateZipcode","line":69,"loc":{"start":{"line":52,"column":29},"end":{"line":52,"column":42}}},"11":{"name":"updateEmail","line":72,"loc":{"start":{"line":53,"column":27},"end":{"line":53,"column":38}}},"12":{"name":"updateName","line":75,"loc":{"start":{"line":54,"column":26},"end":{"line":54,"column":36}}},"13":{"name":"updateHeadline","line":78,"loc":{"start":{"line":55,"column":30},"end":{"line":55,"column":44}}},"14":{"name":"updateBirthday","line":81,"loc":{"start":{"line":56,"column":30},"end":{"line":56,"column":44}}},"15":{"name":"updatePassword","line":84,"loc":{"start":{"line":57,"column":30},"end":{"line":57,"column":44}}},"16":{"name":"changeHeadline","line":89,"loc":{"start":{"line":60,"column":23},"end":{"line":60,"column":47}}},"17":{"name":"(anonymous_17)","line":90,"loc":{"start":{"line":61,"column":8},"end":{"line":61,"column":22}}},"18":{"name":"validateProfile","line":96,"loc":{"start":{"line":68,"column":7},"end":{"line":68,"column":70}}},"19":{"name":"(anonymous_19)","line":97,"loc":{"start":{"line":69,"column":8},"end":{"line":69,"column":22}}}},"statementMap":{"1":{"start":{"line":0,"column":0},"end":{"line":0,"column":0},"skip":true},"2":{"start":{"line":0,"column":0},"end":{"line":0,"column":0},"skip":true},"3":{"start":{"line":0,"column":0},"end":{"line":0,"column":0},"skip":true},"4":{"start":{"line":1,"column":-15},"end":{"line":1,"column":-15}},"5":{"start":{"line":0,"column":0},"end":{"line":0,"column":0},"skip":true},"6":{"start":{"line":2,"column":0},"end":{"line":2,"column":0}},"7":{"start":{"line":0,"column":0},"end":{"line":0,"column":0},"skip":true},"8":{"start":{"line":3,"column":0},"end":{"line":3,"column":0}},"9":{"start":{"line":4,"column":0},"end":{"line":4,"column":0}},"10":{"start":{"line":0,"column":0},"end":{"line":0,"column":0},"skip":true},"11":{"start":{"line":0,"column":0},"end":{"line":0,"column":0},"skip":true},"12":{"start":{"line":7,"column":0},"end":{"line":7,"column":0}},"13":{"start":{"line":8,"column":1},"end":{"line":8,"column":1}},"14":{"start":{"line":9,"column":2},"end":{"line":9,"column":2}},"15":{"start":{"line":11,"column":4},"end":{"line":11,"column":4}},"16":{"start":{"line":13,"column":6},"end":{"line":13,"column":51}},"17":{"start":{"line":13,"column":51},"end":{"line":13,"column":51}},"18":{"start":{"line":15,"column":6},"end":{"line":15,"column":42}},"19":{"start":{"line":15,"column":42},"end":{"line":15,"column":42}},"20":{"start":{"line":17,"column":6},"end":{"line":17,"column":38}},"21":{"start":{"line":17,"column":38},"end":{"line":17,"column":38}},"22":{"start":{"line":19,"column":6},"end":{"line":20,"column":31}},"23":{"start":{"line":20,"column":31},"end":{"line":20,"column":31}},"24":{"start":{"line":22,"column":6},"end":{"line":22,"column":6}},"25":{"start":{"line":23,"column":6},"end":{"line":23,"column":6}},"26":{"start":{"line":24,"column":6},"end":{"line":24,"column":6}},"27":{"start":{"line":31,"column":0},"end":{"line":31,"column":0}},"28":{"start":{"line":32,"column":1},"end":{"line":32,"column":1}},"29":{"start":{"line":33,"column":2},"end":{"line":33,"column":2}},"30":{"start":{"line":34,"column":2},"end":{"line":34,"column":2}},"31":{"start":{"line":35,"column":2},"end":{"line":35,"column":2}},"32":{"start":{"line":36,"column":2},"end":{"line":36,"column":2}},"33":{"start":{"line":37,"column":2},"end":{"line":37,"column":2}},"34":{"start":{"line":42,"column":7},"end":{"line":42,"column":7}},"35":{"start":{"line":43,"column":1},"end":{"line":43,"column":1}},"36":{"start":{"line":44,"column":2},"end":{"line":44,"column":20}},"37":{"start":{"line":44,"column":20},"end":{"line":44,"column":20}},"38":{"start":{"line":45,"column":2},"end":{"line":45,"column":22}},"39":{"start":{"line":45,"column":22},"end":{"line":45,"column":22}},"40":{"start":{"line":46,"column":2},"end":{"line":46,"column":23}},"41":{"start":{"line":46,"column":23},"end":{"line":46,"column":23}},"42":{"start":{"line":51,"column":7},"end":{"line":51,"column":7}},"43":{"start":{"line":51,"column":41},"end":{"line":51,"column":41}},"44":{"start":{"line":52,"column":7},"end":{"line":52,"column":7}},"45":{"start":{"line":52,"column":43},"end":{"line":52,"column":43}},"46":{"start":{"line":53,"column":7},"end":{"line":53,"column":7}},"47":{"start":{"line":53,"column":39},"end":{"line":53,"column":39}},"48":{"start":{"line":54,"column":7},"end":{"line":54,"column":7}},"49":{"start":{"line":54,"column":37},"end":{"line":54,"column":37}},"50":{"start":{"line":55,"column":7},"end":{"line":55,"column":7}},"51":{"start":{"line":55,"column":45},"end":{"line":55,"column":45}},"52":{"start":{"line":56,"column":7},"end":{"line":56,"column":7}},"53":{"start":{"line":56,"column":45},"end":{"line":56,"column":45}},"54":{"start":{"line":57,"column":7},"end":{"line":57,"column":7}},"55":{"start":{"line":57,"column":45},"end":{"line":57,"column":45}},"56":{"start":{"line":60,"column":0},"end":{"line":60,"column":0}},"57":{"start":{"line":61,"column":1},"end":{"line":61,"column":1}},"58":{"start":{"line":62,"column":2},"end":{"line":62,"column":2}},"59":{"start":{"line":68,"column":7},"end":{"line":81,"column":1}},"60":{"start":{"line":69,"column":1},"end":{"line":69,"column":1}},"61":{"start":{"line":70,"column":2},"end":{"line":79,"column":3}},"62":{"start":{"line":71,"column":3},"end":{"line":71,"column":3}},"63":{"start":{"line":72,"column":9},"end":{"line":79,"column":3}},"64":{"start":{"line":73,"column":3},"end":{"line":73,"column":3}},"65":{"start":{"line":74,"column":9},"end":{"line":79,"column":3}},"66":{"start":{"line":75,"column":3},"end":{"line":75,"column":3}},"67":{"start":{"line":77,"column":3},"end":{"line":77,"column":3}},"68":{"start":{"line":78,"column":3},"end":{"line":78,"column":3}},"69":{"start":{"line":0,"column":0},"end":{"line":0,"column":0},"skip":true},"70":{"start":{"line":0,"column":0},"end":{"line":0,"column":0},"skip":true},"71":{"start":{"line":0,"column":0},"end":{"line":0,"column":0},"skip":true}},"branchMap":{"1":{"line":21,"type":"cond-expr","locations":[{"start":{"line":0,"column":0},"end":{"line":0,"column":0},"skip":true},{"start":{"line":0,"column":0},"end":{"line":0,"column":0},"skip":true}]},"2":{"line":21,"type":"binary-expr","locations":[{"start":{"line":0,"column":0},"end":{"line":0,"column":0},"skip":true},{"start":{"line":0,"column":0},"end":{"line":0,"column":0},"skip":true}]},"3":{"line":27,"type":"switch","locations":[{"start":{"line":12,"column":5},"end":{"line":13,"column":51}},{"start":{"line":14,"column":5},"end":{"line":15,"column":42}},{"start":{"line":16,"column":5},"end":{"line":17,"column":38}},{"start":{"line":18,"column":5},"end":{"line":20,"column":31}},{"start":{"line":21,"column":5},"end":{"line":24,"column":6}}]},"4":{"line":59,"type":"if","locations":[{"start":{"line":44,"column":2},"end":{"line":44,"column":2}},{"start":{"line":44,"column":2},"end":{"line":44,"column":2}}]},"5":{"line":60,"type":"if","locations":[{"start":{"line":45,"column":2},"end":{"line":45,"column":2}},{"start":{"line":45,"column":2},"end":{"line":45,"column":2}}]},"6":{"line":61,"type":"if","locations":[{"start":{"line":46,"column":2},"end":{"line":46,"column":2}},{"start":{"line":46,"column":2},"end":{"line":46,"column":2}}]},"7":{"line":98,"type":"if","locations":[{"start":{"line":70,"column":2},"end":{"line":70,"column":2}},{"start":{"line":70,"column":2},"end":{"line":70,"column":2}}]},"8":{"line":98,"type":"binary-expr","locations":[{"start":{"line":70,"column":6},"end":{"line":70,"column":6}},{"start":{"line":70,"column":28},"end":{"line":70,"column":2}}]},"9":{"line":101,"type":"if","locations":[{"start":{"line":72,"column":9},"end":{"line":72,"column":9}},{"start":{"line":72,"column":9},"end":{"line":72,"column":9}}]},"10":{"line":101,"type":"binary-expr","locations":[{"start":{"line":72,"column":13},"end":{"line":72,"column":13}},{"start":{"line":72,"column":39},"end":{"line":72,"column":9}}]},"11":{"line":104,"type":"if","locations":[{"start":{"line":74,"column":9},"end":{"line":74,"column":9}},{"start":{"line":74,"column":9},"end":{"line":74,"column":9}}]},"12":{"line":104,"type":"binary-expr","locations":[{"start":{"line":74,"column":13},"end":{"line":74,"column":13}},{"start":{"line":74,"column":55},"end":{"line":74,"column":13}},{"start":{"line":74,"column":67},"end":{"line":74,"column":9}}]}}},"/Users/frankiewong/Documents/college/2016Fall/comp431/hw5/src/components/auth/authActions.js":{"path":"/Users/frankiewong/Documents/college/2016Fall/comp431/hw5/src/components/auth/authActions.js","s":{"1":1,"2":1,"3":1,"4":1,"5":1,"6":1,"7":1,"8":1,"9":1,"10":1,"11":1,"12":2,"13":1,"14":0,"15":0,"16":0,"17":0,"18":0,"19":0,"20":0,"21":0,"22":1,"23":3,"24":1,"25":4,"26":1,"27":2,"28":1,"29":0,"30":0,"31":0,"32":0,"33":0,"34":0,"35":0,"36":0,"37":1,"38":0,"39":0,"40":0,"41":0,"42":1,"43":0,"44":0,"45":0,"46":0,"47":0},"b":{"1":[0,2],"2":[2,2],"3":[0,0],"4":[0,0],"5":[0,0],"6":[1,1]},"f":{"1":2,"2":0,"3":0,"4":3,"5":4,"6":2,"7":0,"8":0,"9":0,"10":0,"11":0,"12":0,"13":0,"14":0,"15":0,"16":0,"17":0,"18":0,"19":0},"fnMap":{"1":{"name":"_interopRequireDefault","line":24,"loc":{"start":{"line":0,"column":0},"end":{"line":0,"column":0},"skip":true},"skip":true},"2":{"name":"validate","line":26,"loc":{"start":{"line":11,"column":24},"end":{"line":11,"column":61}}},"3":{"name":"(anonymous_3)","line":27,"loc":{"start":{"line":12,"column":8},"end":{"line":12,"column":22}}},"4":{"name":"validEmail","line":43,"loc":{"start":{"line":25,"column":26},"end":{"line":25,"column":37}}},"5":{"name":"validZipcode","line":47,"loc":{"start":{"line":30,"column":28},"end":{"line":30,"column":41}}},"6":{"name":"confirmPassword","line":50,"loc":{"start":{"line":33,"column":31},"end":{"line":33,"column":52}}},"7":{"name":"initialVisit","line":57,"loc":{"start":{"line":40,"column":28},"end":{"line":40,"column":34}}},"8":{"name":"(anonymous_8)","line":58,"loc":{"start":{"line":41,"column":8},"end":{"line":41,"column":22}}},"9":{"name":"(anonymous_9)","line":59,"loc":{"start":{"line":43,"column":9},"end":{"line":43,"column":14}}},"10":{"name":"(anonymous_10)","line":65,"loc":{"start":{"line":50,"column":10},"end":{"line":50,"column":10}}},"11":{"name":"login","line":71,"loc":{"start":{"line":54,"column":21},"end":{"line":54,"column":45}}},"12":{"name":"(anonymous_12)","line":72,"loc":{"start":{"line":55,"column":11},"end":{"line":55,"column":25}}},"13":{"name":"(anonymous_13)","line":73,"loc":{"start":{"line":57,"column":12},"end":{"line":57,"column":12}}},"14":{"name":"(anonymous_14)","line":75,"loc":{"start":{"line":58,"column":13},"end":{"line":58,"column":13}}},"15":{"name":"logout","line":82,"loc":{"start":{"line":63,"column":22},"end":{"line":63,"column":28}}},"16":{"name":"(anonymous_16)","line":83,"loc":{"start":{"line":64,"column":9},"end":{"line":64,"column":23}}},"17":{"name":"(anonymous_17)","line":84,"loc":{"start":{"line":66,"column":10},"end":{"line":66,"column":10}}},"18":{"name":"(anonymous_18)","line":86,"loc":{"start":{"line":67,"column":10},"end":{"line":67,"column":10}}},"19":{"name":"(anonymous_19)","line":88,"loc":{"start":{"line":68,"column":11},"end":{"line":68,"column":11}}}},"statementMap":{"1":{"start":{"line":0,"column":0},"end":{"line":0,"column":0},"skip":true},"2":{"start":{"line":0,"column":0},"end":{"line":0,"column":0},"skip":true},"3":{"start":{"line":1,"column":-15},"end":{"line":1,"column":-15}},"4":{"start":{"line":0,"column":0},"end":{"line":0,"column":0},"skip":true},"5":{"start":{"line":2,"column":0},"end":{"line":2,"column":0}},"6":{"start":{"line":0,"column":0},"end":{"line":0,"column":0},"skip":true},"7":{"start":{"line":4,"column":0},"end":{"line":4,"column":0}},"8":{"start":{"line":7,"column":0},"end":{"line":7,"column":0}},"9":{"start":{"line":8,"column":0},"end":{"line":8,"column":0}},"10":{"start":{"line":9,"column":0},"end":{"line":9,"column":0}},"11":{"start":{"line":0,"column":0},"end":{"line":0,"column":0},"skip":true},"12":{"start":{"line":0,"column":0},"end":{"line":0,"column":0},"skip":true},"13":{"start":{"line":11,"column":7},"end":{"line":11,"column":7}},"14":{"start":{"line":12,"column":1},"end":{"line":12,"column":1}},"15":{"start":{"line":13,"column":2},"end":{"line":21,"column":3}},"16":{"start":{"line":14,"column":3},"end":{"line":14,"column":3}},"17":{"start":{"line":15,"column":9},"end":{"line":21,"column":3}},"18":{"start":{"line":16,"column":3},"end":{"line":16,"column":3}},"19":{"start":{"line":17,"column":9},"end":{"line":21,"column":3}},"20":{"start":{"line":18,"column":3},"end":{"line":18,"column":3}},"21":{"start":{"line":20,"column":3},"end":{"line":20,"column":3}},"22":{"start":{"line":25,"column":7},"end":{"line":25,"column":7}},"23":{"start":{"line":26,"column":1},"end":{"line":26,"column":1}},"24":{"start":{"line":30,"column":7},"end":{"line":30,"column":7}},"25":{"start":{"line":31,"column":1},"end":{"line":31,"column":1}},"26":{"start":{"line":33,"column":7},"end":{"line":33,"column":7}},"27":{"start":{"line":34,"column":1},"end":{"line":34,"column":1}},"28":{"start":{"line":40,"column":7},"end":{"line":40,"column":7}},"29":{"start":{"line":41,"column":1},"end":{"line":41,"column":1}},"30":{"start":{"line":42,"column":2},"end":{"line":42,"column":2}},"31":{"start":{"line":44,"column":4},"end":{"line":44,"column":4}},"32":{"start":{"line":45,"column":4},"end":{"line":45,"column":4}},"33":{"start":{"line":46,"column":4},"end":{"line":46,"column":4}},"34":{"start":{"line":47,"column":4},"end":{"line":47,"column":4}},"35":{"start":{"line":48,"column":4},"end":{"line":48,"column":4}},"36":{"start":{"line":50,"column":10},"end":{"line":50,"column":10}},"37":{"start":{"line":54,"column":7},"end":{"line":54,"column":7}},"38":{"start":{"line":55,"column":4},"end":{"line":55,"column":4}},"39":{"start":{"line":56,"column":6},"end":{"line":56,"column":6}},"40":{"start":{"line":57,"column":12},"end":{"line":57,"column":12}},"41":{"start":{"line":58,"column":13},"end":{"line":58,"column":13}},"42":{"start":{"line":63,"column":7},"end":{"line":63,"column":7}},"43":{"start":{"line":64,"column":2},"end":{"line":64,"column":2}},"44":{"start":{"line":65,"column":4},"end":{"line":65,"column":4}},"45":{"start":{"line":66,"column":10},"end":{"line":66,"column":10}},"46":{"start":{"line":67,"column":10},"end":{"line":67,"column":10}},"47":{"start":{"line":68,"column":11},"end":{"line":68,"column":11}}},"branchMap":{"1":{"line":24,"type":"cond-expr","locations":[{"start":{"line":0,"column":0},"end":{"line":0,"column":0},"skip":true},{"start":{"line":0,"column":0},"end":{"line":0,"column":0},"skip":true}]},"2":{"line":24,"type":"binary-expr","locations":[{"start":{"line":0,"column":0},"end":{"line":0,"column":0},"skip":true},{"start":{"line":0,"column":0},"end":{"line":0,"column":0},"skip":true}]},"3":{"line":28,"type":"if","locations":[{"start":{"line":13,"column":2},"end":{"line":13,"column":2}},{"start":{"line":13,"column":2},"end":{"line":13,"column":2}}]},"4":{"line":31,"type":"if","locations":[{"start":{"line":15,"column":9},"end":{"line":15,"column":9}},{"start":{"line":15,"column":9},"end":{"line":15,"column":9}}]},"5":{"line":34,"type":"if","locations":[{"start":{"line":17,"column":9},"end":{"line":17,"column":9}},{"start":{"line":17,"column":9},"end":{"line":17,"column":9}}]},"6":{"line":51,"type":"cond-expr","locations":[{"start":{"line":34,"column":30},"end":{"line":34,"column":8}},{"start":{"line":34,"column":37},"end":{"line":34,"column":1}}]}}},"/Users/frankiewong/Documents/college/2016Fall/comp431/hw5/src/components/main/followingActions.js":{"path":"/Users/frankiewong/Documents/college/2016Fall/comp431/hw5/src/components/main/followingActions.js","s":{"1":1,"2":1,"3":1,"4":1,"5":1,"6":1,"7":1,"8":1,"9":2,"10":1,"11":0,"12":0,"13":0,"14":0,"15":0,"16":0,"17":0,"18":0,"19":0,"20":0,"21":0,"22":0,"23":0,"24":0,"25":0,"26":0,"27":1,"28":1},"b":{"1":[0,2],"2":[2,2]},"f":{"1":2,"2":0,"3":0,"4":0,"5":0,"6":0,"7":0,"8":0,"9":0,"10":0,"11":1},"fnMap":{"1":{"name":"_interopRequireDefault","line":18,"loc":{"start":{"line":0,"column":0},"end":{"line":0,"column":0},"skip":true},"skip":true},"2":{"name":"fetchFollowers","line":22,"loc":{"start":{"line":7,"column":30},"end":{"line":7,"column":36}}},"3":{"name":"(anonymous_3)","line":23,"loc":{"start":{"line":8,"column":8},"end":{"line":8,"column":22}}},"4":{"name":"(anonymous_4)","line":24,"loc":{"start":{"line":10,"column":9},"end":{"line":10,"column":9}}},"5":{"name":"(anonymous_5)","line":26,"loc":{"start":{"line":11,"column":9},"end":{"line":11,"column":14}}},"6":{"name":"(anonymous_6)","line":28,"loc":{"start":{"line":13,"column":14},"end":{"line":13,"column":24}}},"7":{"name":"(anonymous_7)","line":36,"loc":{"start":{"line":21,"column":14},"end":{"line":21,"column":24}}},"8":{"name":"(anonymous_8)","line":37,"loc":{"start":{"line":24,"column":13},"end":{"line":24,"column":20}}},"9":{"name":"(anonymous_9)","line":41,"loc":{"start":{"line":31,"column":13},"end":{"line":31,"column":20}}},"10":{"name":"(anonymous_10)","line":50,"loc":{"start":{"line":41,"column":11},"end":{"line":41,"column":17}}},"11":{"name":"updateFollowers","line":57,"loc":{"start":{"line":48,"column":31},"end":{"line":48,"column":46}}}},"statementMap":{"1":{"start":{"line":0,"column":0},"end":{"line":0,"column":0},"skip":true},"2":{"start":{"line":0,"column":0},"end":{"line":0,"column":0},"skip":true},"3":{"start":{"line":1,"column":-15},"end":{"line":1,"column":-15}},"4":{"start":{"line":0,"column":0},"end":{"line":0,"column":0},"skip":true},"5":{"start":{"line":2,"column":0},"end":{"line":2,"column":0}},"6":{"start":{"line":0,"column":0},"end":{"line":0,"column":0},"skip":true},"7":{"start":{"line":3,"column":0},"end":{"line":3,"column":0}},"8":{"start":{"line":0,"column":0},"end":{"line":0,"column":0},"skip":true},"9":{"start":{"line":0,"column":0},"end":{"line":0,"column":0},"skip":true},"10":{"start":{"line":7,"column":7},"end":{"line":7,"column":7}},"11":{"start":{"line":8,"column":1},"end":{"line":8,"column":1}},"12":{"start":{"line":9,"column":2},"end":{"line":9,"column":2}},"13":{"start":{"line":10,"column":9},"end":{"line":10,"column":9}},"14":{"start":{"line":12,"column":4},"end":{"line":12,"column":4}},"15":{"start":{"line":13,"column":4},"end":{"line":13,"column":4}},"16":{"start":{"line":14,"column":5},"end":{"line":14,"column":5}},"17":{"start":{"line":17,"column":4},"end":{"line":17,"column":4}},"18":{"start":{"line":21,"column":4},"end":{"line":21,"column":4}},"19":{"start":{"line":22,"column":5},"end":{"line":22,"column":5}},"20":{"start":{"line":25,"column":8},"end":{"line":25,"column":8}},"21":{"start":{"line":29,"column":5},"end":{"line":29,"column":5}},"22":{"start":{"line":32,"column":8},"end":{"line":32,"column":8}},"23":{"start":{"line":35,"column":5},"end":{"line":35,"column":5}},"24":{"start":{"line":36,"column":5},"end":{"line":36,"column":5}},"25":{"start":{"line":40,"column":4},"end":{"line":40,"column":4}},"26":{"start":{"line":42,"column":6},"end":{"line":42,"column":6}},"27":{"start":{"line":48,"column":7},"end":{"line":48,"column":7}},"28":{"start":{"line":49,"column":1},"end":{"line":49,"column":1}}},"branchMap":{"1":{"line":18,"type":"cond-expr","locations":[{"start":{"line":0,"column":0},"end":{"line":0,"column":0},"skip":true},{"start":{"line":0,"column":0},"end":{"line":0,"column":0},"skip":true}]},"2":{"line":18,"type":"binary-expr","locations":[{"start":{"line":0,"column":0},"end":{"line":0,"column":0},"skip":true},{"start":{"line":0,"column":0},"end":{"line":0,"column":0},"skip":true}]}}},"/Users/frankiewong/Documents/college/2016Fall/comp431/hw5/src/components/main/following.js":{"path":"/Users/frankiewong/Documents/college/2016Fall/comp431/hw5/src/components/main/following.js","s":{"1":1,"2":1,"3":1,"4":1,"5":1,"6":1,"7":1,"8":0,"9":0,"10":0,"11":0,"12":1,"13":1,"14":0,"15":0,"16":0,"17":0,"18":1,"19":1,"20":0},"b":{"1":[0,1],"2":[1,1]},"f":{"1":1,"2":0,"3":0,"4":0,"5":0,"6":0},"fnMap":{"1":{"name":"_interopRequireDefault","line":13,"loc":{"start":{"line":0,"column":0},"end":{"line":0,"column":0},"skip":true},"skip":true},"2":{"name":"Follower","line":16,"loc":{"start":{"line":5,"column":17},"end":{"line":5,"column":17}}},"3":{"name":"Following","line":59,"loc":{"start":{"line":25,"column":18},"end":{"line":25,"column":39}}},"4":{"name":"(anonymous_4)","line":75,"loc":{"start":{"line":35,"column":24},"end":{"line":35,"column":24}}},"5":{"name":"(anonymous_5)","line":77,"loc":{"start":{"line":36,"column":24},"end":{"line":36,"column":24}}},"6":{"name":"(anonymous_6)","line":107,"loc":{"start":{"line":58,"column":23},"end":{"line":58,"column":34}}}},"statementMap":{"1":{"start":{"line":0,"column":0},"end":{"line":0,"column":0},"skip":true},"2":{"start":{"line":1,"column":-15},"end":{"line":1,"column":-15}},"3":{"start":{"line":0,"column":0},"end":{"line":0,"column":0},"skip":true},"4":{"start":{"line":2,"column":0},"end":{"line":2,"column":0}},"5":{"start":{"line":0,"column":0},"end":{"line":0,"column":0},"skip":true},"6":{"start":{"line":0,"column":0},"end":{"line":0,"column":0},"skip":true},"7":{"start":{"line":5,"column":0},"end":{"line":5,"column":0}},"8":{"start":{"line":5,"column":17},"end":{"line":5,"column":17}},"9":{"start":{"line":5,"column":17},"end":{"line":5,"column":17}},"10":{"start":{"line":5,"column":17},"end":{"line":5,"column":17}},"11":{"start":{"line":5,"column":17},"end":{"line":5,"column":17}},"12":{"start":{"line":18,"column":0},"end":{"line":18,"column":0}},"13":{"start":{"line":25,"column":0},"end":{"line":25,"column":0}},"14":{"start":{"line":25,"column":39},"end":{"line":25,"column":39}},"15":{"start":{"line":26,"column":4},"end":{"line":26,"column":4}},"16":{"start":{"line":35,"column":24},"end":{"line":35,"column":24}},"17":{"start":{"line":36,"column":24},"end":{"line":36,"column":24}},"18":{"start":{"line":54,"column":0},"end":{"line":54,"column":0}},"19":{"start":{"line":0,"column":0},"end":{"line":0,"column":0},"skip":true},"20":{"start":{"line":59,"column":4},"end":{"line":59,"column":4}}},"branchMap":{"1":{"line":13,"type":"cond-expr","locations":[{"start":{"line":0,"column":0},"end":{"line":0,"column":0},"skip":true},{"start":{"line":0,"column":0},"end":{"line":0,"column":0},"skip":true}]},"2":{"line":13,"type":"binary-expr","locations":[{"start":{"line":0,"column":0},"end":{"line":0,"column":0},"skip":true},{"start":{"line":0,"column":0},"end":{"line":0,"column":0},"skip":true}]}}},"/Users/frankiewong/Documents/college/2016Fall/comp431/hw5/src/components/auth/landing.js":{"path":"/Users/frankiewong/Documents/college/2016Fall/comp431/hw5/src/components/auth/landing.js","s":{"1":1,"2":1,"3":1,"4":1,"5":1,"6":1,"7":1,"8":1,"9":1,"10":1,"11":3,"12":1,"13":0,"14":0,"15":0,"16":1,"17":1,"18":0,"19":1,"20":0,"21":1,"22":1},"b":{"1":[2,1],"2":[3,3],"3":[0,0],"4":[0,0]},"f":{"1":3,"2":0,"3":0,"4":0},"fnMap":{"1":{"name":"_interopRequireDefault","line":22,"loc":{"start":{"line":0,"column":0},"end":{"line":0,"column":0},"skip":true},"skip":true},"2":{"name":"AlertMsg","line":25,"loc":{"start":{"line":8,"column":15},"end":{"line":8,"column":45}}},"3":{"name":"(anonymous_3)","line":54,"loc":{"start":{"line":35,"column":19},"end":{"line":35,"column":30}}},"4":{"name":"Landing","line":59,"loc":{"start":{"line":40,"column":16},"end":{"line":40,"column":22}}}},"statementMap":{"1":{"start":{"line":0,"column":0},"end":{"line":0,"column":0},"skip":true},"2":{"start":{"line":0,"column":0},"end":{"line":0,"column":0},"skip":true},"3":{"start":{"line":1,"column":-15},"end":{"line":1,"column":-15}},"4":{"start":{"line":0,"column":0},"end":{"line":0,"column":0},"skip":true},"5":{"start":{"line":2,"column":0},"end":{"line":2,"column":0}},"6":{"start":{"line":4,"column":0},"end":{"line":4,"column":0}},"7":{"start":{"line":0,"column":0},"end":{"line":0,"column":0},"skip":true},"8":{"start":{"line":5,"column":0},"end":{"line":5,"column":0}},"9":{"start":{"line":0,"column":0},"end":{"line":0,"column":0},"skip":true},"10":{"start":{"line":0,"column":0},"end":{"line":0,"column":0},"skip":true},"11":{"start":{"line":0,"column":0},"end":{"line":0,"column":0},"skip":true},"12":{"start":{"line":8,"column":0},"end":{"line":8,"column":0}},"13":{"start":{"line":8,"column":45},"end":{"line":8,"column":45}},"14":{"start":{"line":8,"column":45},"end":{"line":8,"column":45}},"15":{"start":{"line":9,"column":1},"end":{"line":9,"column":1}},"16":{"start":{"line":30,"column":0},"end":{"line":30,"column":0}},"17":{"start":{"line":35,"column":0},"end":{"line":35,"column":0}},"18":{"start":{"line":36,"column":1},"end":{"line":36,"column":1}},"19":{"start":{"line":40,"column":0},"end":{"line":40,"column":0}},"20":{"start":{"line":41,"column":1},"end":{"line":41,"column":1}},"21":{"start":{"line":0,"column":0},"end":{"line":0,"column":0},"skip":true},"22":{"start":{"line":0,"column":0},"end":{"line":0,"column":0},"skip":true}},"branchMap":{"1":{"line":22,"type":"cond-expr","locations":[{"start":{"line":0,"column":0},"end":{"line":0,"column":0},"skip":true},{"start":{"line":0,"column":0},"end":{"line":0,"column":0},"skip":true}]},"2":{"line":22,"type":"binary-expr","locations":[{"start":{"line":0,"column":0},"end":{"line":0,"column":0},"skip":true},{"start":{"line":0,"column":0},"end":{"line":0,"column":0},"skip":true}]},"3":{"line":35,"type":"cond-expr","locations":[{"start":{"line":13,"column":21},"end":{"line":13,"column":3}},{"start":{"line":14,"column":3},"end":{"line":11,"column":2}}]},"4":{"line":40,"type":"cond-expr","locations":[{"start":{"line":20,"column":23},"end":{"line":20,"column":3}},{"start":{"line":21,"column":3},"end":{"line":21,"column":3}}]}}},"/Users/frankiewong/Documents/college/2016Fall/comp431/hw5/src/components/auth/login.js":{"path":"/Users/frankiewong/Documents/college/2016Fall/comp431/hw5/src/components/auth/login.js","s":{"1":1,"2":1,"3":1,"4":1,"5":1,"6":1,"7":1,"8":1,"9":0,"10":0,"11":0,"12":0,"13":0,"14":0,"15":1,"16":0,"17":0},"b":{"1":[0,1],"2":[1,1]},"f":{"1":1,"2":0,"3":0,"4":0,"5":0,"6":0,"7":0},"fnMap":{"1":{"name":"_interopRequireDefault","line":15,"loc":{"start":{"line":0,"column":0},"end":{"line":0,"column":0},"skip":true},"skip":true},"2":{"name":"Login","line":17,"loc":{"start":{"line":5,"column":14},"end":{"line":5,"column":31}}},"3":{"name":"ref","line":50,"loc":{"start":{"line":16,"column":20},"end":{"line":16,"column":30}}},"4":{"name":"ref","line":68,"loc":{"start":{"line":24,"column":20},"end":{"line":24,"column":30}}},"5":{"name":"onClick","line":83,"loc":{"start":{"line":31,"column":41},"end":{"line":31,"column":41}}},"6":{"name":"(anonymous_6)","line":94,"loc":{"start":{"line":41,"column":29},"end":{"line":41,"column":43}}},"7":{"name":"login","line":96,"loc":{"start":{"line":43,"column":11},"end":{"line":43,"column":11}}}},"statementMap":{"1":{"start":{"line":0,"column":0},"end":{"line":0,"column":0},"skip":true},"2":{"start":{"line":1,"column":-15},"end":{"line":1,"column":-15}},"3":{"start":{"line":0,"column":0},"end":{"line":0,"column":0},"skip":true},"4":{"start":{"line":2,"column":0},"end":{"line":2,"column":0}},"5":{"start":{"line":3,"column":0},"end":{"line":3,"column":0}},"6":{"start":{"line":0,"column":0},"end":{"line":0,"column":0},"skip":true},"7":{"start":{"line":0,"column":0},"end":{"line":0,"column":0},"skip":true},"8":{"start":{"line":5,"column":0},"end":{"line":5,"column":0}},"9":{"start":{"line":5,"column":31},"end":{"line":5,"column":31}},"10":{"start":{"line":6,"column":1},"end":{"line":6,"column":1}},"11":{"start":{"line":7,"column":1},"end":{"line":7,"column":1}},"12":{"start":{"line":16,"column":31},"end":{"line":16,"column":31}},"13":{"start":{"line":24,"column":32},"end":{"line":24,"column":32}},"14":{"start":{"line":31,"column":41},"end":{"line":31,"column":41}},"15":{"start":{"line":0,"column":0},"end":{"line":0,"column":0},"skip":true},"16":{"start":{"line":42,"column":2},"end":{"line":42,"column":2}},"17":{"start":{"line":43,"column":11},"end":{"line":43,"column":11}}},"branchMap":{"1":{"line":15,"type":"cond-expr","locations":[{"start":{"line":0,"column":0},"end":{"line":0,"column":0},"skip":true},{"start":{"line":0,"column":0},"end":{"line":0,"column":0},"skip":true}]},"2":{"line":15,"type":"binary-expr","locations":[{"start":{"line":0,"column":0},"end":{"line":0,"column":0},"skip":true},{"start":{"line":0,"column":0},"end":{"line":0,"column":0},"skip":true}]}}},"/Users/frankiewong/Documents/college/2016Fall/comp431/hw5/src/components/auth/register.js":{"path":"/Users/frankiewong/Documents/college/2016Fall/comp431/hw5/src/components/auth/register.js","s":{"1":1,"2":1,"3":1,"4":1,"5":1,"6":1,"7":1,"8":1,"9":0,"10":0,"11":0,"12":0,"13":0,"14":0,"15":0,"16":0,"17":0,"18":0,"19":1,"20":0,"21":0},"b":{"1":[0,1],"2":[1,1],"3":[0,0]},"f":{"1":1,"2":0,"3":0,"4":0,"5":0,"6":0,"7":0,"8":0,"9":0},"fnMap":{"1":{"name":"_interopRequireDefault","line":15,"loc":{"start":{"line":0,"column":0},"end":{"line":0,"column":0},"skip":true},"skip":true},"2":{"name":"Register","line":17,"loc":{"start":{"line":5,"column":17},"end":{"line":5,"column":37}}},"3":{"name":"onSubmit","line":44,"loc":{"start":{"line":14,"column":35},"end":{"line":14,"column":42}}},"4":{"name":"ref","line":57,"loc":{"start":{"line":21,"column":44},"end":{"line":21,"column":44}}},"5":{"name":"ref","line":70,"loc":{"start":{"line":27,"column":36},"end":{"line":27,"column":36}}},"6":{"name":"ref","line":83,"loc":{"start":{"line":33,"column":16},"end":{"line":33,"column":16}}},"7":{"name":"ref","line":96,"loc":{"start":{"line":39,"column":16},"end":{"line":39,"column":16}}},"8":{"name":"(anonymous_8)","line":110,"loc":{"start":{"line":52,"column":29},"end":{"line":52,"column":43}}},"9":{"name":"validate","line":112,"loc":{"start":{"line":54,"column":14},"end":{"line":54,"column":14}}}},"statementMap":{"1":{"start":{"line":0,"column":0},"end":{"line":0,"column":0},"skip":true},"2":{"start":{"line":1,"column":-15},"end":{"line":1,"column":-15}},"3":{"start":{"line":0,"column":0},"end":{"line":0,"column":0},"skip":true},"4":{"start":{"line":2,"column":0},"end":{"line":2,"column":0}},"5":{"start":{"line":3,"column":0},"end":{"line":3,"column":0}},"6":{"start":{"line":0,"column":0},"end":{"line":0,"column":0},"skip":true},"7":{"start":{"line":0,"column":0},"end":{"line":0,"column":0},"skip":true},"8":{"start":{"line":5,"column":0},"end":{"line":5,"column":0}},"9":{"start":{"line":5,"column":37},"end":{"line":5,"column":37}},"10":{"start":{"line":6,"column":4},"end":{"line":6,"column":4}},"11":{"start":{"line":8,"column":4},"end":{"line":8,"column":4}},"12":{"start":{"line":15,"column":10},"end":{"line":15,"column":17}},"13":{"start":{"line":15,"column":17},"end":{"line":15,"column":17}},"14":{"start":{"line":16,"column":10},"end":{"line":16,"column":10}},"15":{"start":{"line":21,"column":44},"end":{"line":21,"column":44}},"16":{"start":{"line":27,"column":36},"end":{"line":27,"column":36}},"17":{"start":{"line":33,"column":16},"end":{"line":33,"column":16}},"18":{"start":{"line":39,"column":16},"end":{"line":39,"column":16}},"19":{"start":{"line":0,"column":0},"end":{"line":0,"column":0},"skip":true},"20":{"start":{"line":53,"column":2},"end":{"line":53,"column":2}},"21":{"start":{"line":54,"column":14},"end":{"line":54,"column":14}}},"branchMap":{"1":{"line":15,"type":"cond-expr","locations":[{"start":{"line":0,"column":0},"end":{"line":0,"column":0},"skip":true},{"start":{"line":0,"column":0},"end":{"line":0,"column":0},"skip":true}]},"2":{"line":15,"type":"binary-expr","locations":[{"start":{"line":0,"column":0},"end":{"line":0,"column":0},"skip":true},{"start":{"line":0,"column":0},"end":{"line":0,"column":0},"skip":true}]},"3":{"line":45,"type":"if","locations":[{"start":{"line":15,"column":10},"end":{"line":15,"column":10}},{"start":{"line":15,"column":10},"end":{"line":15,"column":10}}]}}},"/Users/frankiewong/Documents/college/2016Fall/comp431/hw5/src/components/profile/profile.js":{"path":"/Users/frankiewong/Documents/college/2016Fall/comp431/hw5/src/components/profile/profile.js","s":{"1":1,"2":1,"3":1,"4":1,"5":1,"6":1,"7":1,"8":1,"9":2,"10":1,"11":0,"12":0,"13":0,"14":1,"15":0,"16":0},"b":{"1":[1,1],"2":[2,2]},"f":{"1":2,"2":0,"3":0,"4":0,"5":0},"fnMap":{"1":{"name":"_interopRequireDefault","line":19,"loc":{"start":{"line":0,"column":0},"end":{"line":0,"column":0},"skip":true},"skip":true},
[...]
]},"2":{"line":27,"type":"binary-expr","locations":[{"start":{"line":0,"column":0},"end":{"line":0,"column":0},"skip":true},{"start":{"line":0,"column":0},"end":{"line":0,"column":0},"skip":true}]}}},"/Users/frankiewong/Documents/college/2016Fall/comp431/hw5/src/reducers.js":{"path":"/Users/frankiewong/Documents/college/2016Fall/comp431/hw5/src/reducers.js","s":{"1":1,"2":1,"3":1,"4":0,"5":0,"6":0,"7":0,"8":0,"9":0,"10":1,"11":1,"12":11,"13":11,"14":11,"15":1,"16":1,"17":1,"18":1,"19":2,"20":1,"21":1,"22":3,"23":1,"24":4,"25":4,"26":4,"27":1,"28":3,"29":1,"30":6,"31":6,"32":6,"33":6,"34":0,"35":1,"36":1,"37":1,"38":0,"39":3,"40":1,"41":5,"42":5,"43":5,"44":1,"45":1,"46":3,"47":1,"48":6,"49":6,"50":6,"51":1,"52":1,"53":1,"54":3,"55":1,"56":1,"57":1,"58":1,"59":1,"60":1,"61":1},"b":{"1":[1,0],"2":[0,0],"3":[8,3],"4":[11,11],"5":[1,1,1,1,2,1,1,3],"6":[1,3],"7":[4,4],"8":[1,3],"9":[3,3],"10":[6,6],"11":[0,1,1,1,0,3],"12":[2,3],"13":[5,5],"14":[1,1,3],"15":[3,3],"16":[6,6],"17":[1,1,1,3]},"f":{"1":0,"2":11,"3":4,"4":6,"5":5,"6":6},"fnMap":{"1":{"name":"(anonymous_1)","line":8,"loc":{"start":{"line":0,"column":0},"end":{"line":0,"column":0},"skip":true},"skip":true},"2":{"name":"profile","line":15,"loc":{"start":{"line":6,"column":0},"end":{"line":7,"column":65}}},"3":{"name":"following","line":41,"loc":{"start":{"line":29,"column":0},"end":{"line":29,"column":54}}},"4":{"name":"articles","line":55,"loc":{"start":{"line":40,"column":0},"end":{"line":40,"column":78}}},"5":{"name":"status","line":77,"loc":{"start":{"line":59,"column":0},"end":{"line":59,"column":66}}},"6":{"name":"route","line":92,"loc":{"start":{"line":72,"column":0},"end":{"line":72,"column":56}}}},"statementMap":{"1":{"start":{"line":0,"column":0},"end":{"line":0,"column":0},"skip":true},"2":{"start":{"line":0,"column":0},"end":{"line":0,"column":0},"skip":true},"3":{"start":{"line":0,"column":0},"end":{"line":0,"column":0},"skip":true},"4":{"start":{"line":0,"column":0},"end":{"line":0,"column":0},"skip":true},"5":{"start":{"line":0,"column":0},"end":{"line":0,"column":0},"skip":true},"6":{"start":{"line":0,"column":0},"end":{"line":0,"column":0},"skip":true},"7":{"start":{"line":0,"column":0},"end":{"line":0,"column":0},"skip":true},"8":{"start":{"line":0,"column":0},"end":{"line":0,"column":0},"skip":true},"9":{"start":{"line":0,"column":0},"end":{"line":0,"column":0},"skip":true},"10":{"start":{"line":1,"column":-15},"end":{"line":1,"column":-15}},"11":{"start":{"line":6,"column":0},"end":{"line":26,"column":1}},"12":{"start":{"line":7,"column":65},"end":{"line":7,"column":65}},"13":{"start":{"line":7,"column":65},"end":{"line":7,"column":65}},"14":{"start":{"line":8,"column":1},"end":{"line":8,"column":1}},"15":{"start":{"line":10,"column":3},"end":{"line":10,"column":3}},"16":{"start":{"line":12,"column":3},"end":{"line":12,"column":3}},"17":{"start":{"line":14,"column":3},"end":{"line":14,"column":3}},"18":{"start":{"line":16,"column":3},"end":{"line":16,"column":3}},"19":{"start":{"line":18,"column":3},"end":{"line":18,"column":3}},"20":{"start":{"line":20,"column":3},"end":{"line":20,"column":3}},"21":{"start":{"line":22,"column":3},"end":{"line":22,"column":3}},"22":{"start":{"line":24,"column":3},"end":{"line":24,"column":3}},"23":{"start":{"line":29,"column":0},"end":{"line":37,"column":1}},"24":{"start":{"line":29,"column":54},"end":{"line":29,"column":54}},"25":{"start":{"line":29,"column":54},"end":{"line":29,"column":54}},"26":{"start":{"line":30,"column":1},"end":{"line":30,"column":1}},"27":{"start":{"line":32,"column":3},"end":{"line":32,"column":3}},"28":{"start":{"line":34,"column":3},"end":{"line":34,"column":3}},"29":{"start":{"line":40,"column":0},"end":{"line":56,"column":1}},"30":{"start":{"line":40,"column":78},"end":{"line":40,"column":78}},"31":{"start":{"line":40,"column":78},"end":{"line":40,"column":78}},"32":{"start":{"line":41,"column":1},"end":{"line":41,"column":1}},"33":{"start":{"line":42,"column":1},"end":{"line":42,"column":1}},"34":{"start":{"line":44,"column":3},"end":{"line":44,"column":3}},"35":{"start":{"line":46,"column":3},"end":{"line":46,"column":3}},"36":{"start":{"line":48,"column":3},"end":{"line":48,"column":3}},"37":{"start":{"line":50,"column":3},"end":{"line":50,"column":3}},"38":{"start":{"line":52,"column":3},"end":{"line":52,"column":3}},"39":{"start":{"line":54,"column":3},"end":{"line":54,"column":3}},"40":{"start":{"line":59,"column":0},"end":{"line":69,"column":1}},"41":{"start":{"line":59,"column":66},"end":{"line":59,"column":66}},"42":{"start":{"line":59,"column":66},"end":{"line":59,"column":66}},"43":{"start":{"line":60,"column":1},"end":{"line":60,"column":1}},"44":{"start":{"line":62,"column":3},"end":{"line":62,"column":3}},"45":{"start":{"line":64,"column":3},"end":{"line":64,"column":3}},"46":{"start":{"line":66,"column":3},"end":{"line":66,"column":3}},"47":{"start":{"line":72,"column":0},"end":{"line":83,"column":1}},"48":{"start":{"line":72,"column":56},"end":{"line":72,"column":56}},"49":{"start":{"line":72,"column":56},"end":{"line":72,"column":56}},"50":{"start":{"line":73,"column":1},"end":{"line":73,"column":1}},"51":{"start":{"line":75,"column":3},"end":{"line":75,"column":3}},"52":{"start":{"line":77,"column":3},"end":{"line":77,"column":3}},"53":{"start":{"line":79,"column":3},"end":{"line":79,"column":3}},"54":{"start":{"line":81,"column":3},"end":{"line":81,"column":3}},"55":{"start":{"line":86,"column":0},"end":{"line":86,"column":0}},"56":{"start":{"line":0,"column":0},"end":{"line":0,"column":0},"skip":true},"57":{"start":{"line":0,"column":0},"end":{"line":0,"column":0},"skip":true},"58":{"start":{"line":0,"column":0},"end":{"line":0,"column":0},"skip":true},"59":{"start":{"line":0,"column":0},"end":{"line":0,"column":0},"skip":true},"60":{"start":{"line":0,"column":0},"end":{"line":0,"column":0},"skip":true},"61":{"start":{"line":0,"column":0},"end":{"line":0,"column":0},"skip":true}},"branchMap":{"1":{"line":8,"type":"binary-expr","locations":[{"start":{"line":0,"column":0},"end":{"line":0,"column":0},"skip":true},{"start":{"line":0,"column":0},"end":{"line":0,"column":0},"skip":true}]},"2":{"line":8,"type":"if","locations":[{"start":{"line":0,"column":0},"end":{"line":0,"column":0},"skip":true},{"start":{"line":0,"column":0},"end":{"line":0,"column":0},"skip":true}]},"3":{"line":16,"type":"cond-expr","locations":[{"start":{"line":7,"column":65},"end":{"line":7,"column":65}},{"start":{"line":6,"column":25},"end":{"line":7,"column":65}}]},"4":{"line":16,"type":"binary-expr","locations":[{"start":{"line":7,"column":65},"end":{"line":7,"column":65}},{"start":{"line":7,"column":65},"end":{"line":7,"column":65}}]},"5":{"line":20,"type":"switch","locations":[{"start":{"line":9,"column":2},"end":{"line":10,"column":3}},{"start":{"line":11,"column":2},"end":{"line":12,"column":3}},{"start":{"line":13,"column":2},"end":{"line":14,"column":3}},{"start":{"line":15,"column":2},"end":{"line":16,"column":3}},{"start":{"line":17,"column":2},"end":{"line":18,"column":3}},{"start":{"line":19,"column":2},"end":{"line":20,"column":3}},{"start":{"line":21,"column":2},"end":{"line":22,"column":3}},{"start":{"line":23,"column":2},"end":{"line":24,"column":3}}]},"6":{"line":42,"type":"cond-expr","locations":[{"start":{"line":29,"column":54},"end":{"line":29,"column":54}},{"start":{"line":29,"column":27},"end":{"line":29,"column":54}}]},"7":{"line":42,"type":"binary-expr","locations":[{"start":{"line":29,"column":54},"end":{"line":29,"column":54}},{"start":{"line":29,"column":54},"end":{"line":29,"column":54}}]},"8":{"line":45,"type":"switch","locations":[{"start":{"line":31,"column":2},"end":{"line":32,"column":3}},{"start":{"line":33,"column":2},"end":{"line":34,"column":3}}]},"9":{"line":56,"type":"cond-expr","locations":[{"start":{"line":40,"column":78},"end":{"line":40,"column":78}},{"start":{"line":40,"column":26},"end":{"line":40,"column":78}}]},"10":{"line":56,"type":"binary-expr","locations":[{"start":{"line":40,"column":78},"end":{"line":40,"column":78}},{"start":{"line":40,"column":78},"end":{"line":40,"column":78}}]},"11":{"line":60,"type":"switch","locations":[{"start":{"line":43,"column":2},"end":{"line":44,"column":3}},{"start":{"line":45,"column":2},"end":{"line":46,"column":3}},{"start":{"line":47,"column":2},"end":{"line":48,"column":3}},{"start":{"line":49,"column":2},"end":{"line":50,"column":3}},{"start":{"line":51,"column":2},"end":{"line":52,"column":3}},{"start":{"line":53,"column":2},"end":{"line":54,"column":3}}]},"12":{"line":78,"type":"cond-expr","locations":[{"start":{"line":59,"column":66},"end":{"line":59,"column":66}},{"start":{"line":59,"column":24},"end":{"line":59,"column":66}}]},"13":{"line":78,"type":"binary-expr","locations":[{"start":{"line":59,"column":66},"end":{"line":59,"column":66}},{"start":{"line":59,"column":66},"end":{"line":59,"column":66}}]},"14":{"line":81,"type":"switch","locations":[{"start":{"line":61,"column":2},"end":{"line":62,"column":3}},{"start":{"line":63,"column":2},"end":{"line":64,"column":3}},{"start":{"line":65,"column":2},"end":{"line":66,"column":3}}]},"15":{"line":93,"type":"cond-expr","locations":[{"start":{"line":72,"column":56},"end":{"line":72,"column":56}},{"start":{"line":72,"column":23},"end":{"line":72,"column":56}}]},"16":{"line":93,"type":"binary-expr","locations":[{"start":{"line":72,"column":56},"end":{"line":72,"column":56}},{"start":{"line":72,"column":56},"end":{"line":72,"column":56}}]},"17":{"line":96,"type":"switch","locations":[{"start":{"line":74,"column":2},"end":{"line":75,"column":3}},{"start":{"line":76,"column":2},"end":{"line":77,"column":3}},{"start":{"line":78,"column":2},"end":{"line":79,"column":3}},{"start":{"line":80,"column":2},"end":{"line":81,"column":3}}]}}},"/Users/frankiewong/Documents/college/2016Fall/comp431/hw5/src/reducers.spec.js":{"path":"/Users/frankiewong/Documents/college/2016Fall/comp431/hw5/src/reducers.spec.js","s":{"1":1,"2":1,"3":1,"4":1,"5":1,"6":1,"7":0,"8":0,"9":0,"10":0,"11":0,"12":0,"13":0,"14":0,"15":0,"16":0,"17":0,"18":0,"19":0,"20":0,"21":0,"22":0,"23":0,"24":0,"25":0,"26":0,"27":0,"28":0,"29":0,"30":0,"31":0,"32":0,"33":0,"34":0,"35":0,"36":0,"37":0,"38":0,"39":0,"40":0,"41":0,"42":0,"43":0,"44":0,"45":0,"46":0,"47":0,"48":0,"49":0,"50":0,"51":0,"52":0,"53":0,"54":0,"55":0,"56":0,"57":0,"58":0,"59":0,"60":0,"61":0,"62":0,"63":0,"64":0,"65":0,"66":0,"67":0,"68":0,"69":0,"70":0,"71":0,"72":0,"73":0,"74":0,"75":0,"76":0,"77":0,"78":0,"79":0,"80":0,"81":0,"82":0,"83":0,"84":0,"85":0,"86":0,"87":0,"88":0},"b":{"1":[1,0],"2":[1,1]},"f":{"1":1,"2":0,"3":0,"4":0,"5":0,"6":0,"7":0,"8":0,"9":0,"10":0,"11":0,"12":0,"13":0,"14":0,"15":0,"16":0,"17":0,"18":0,"19":0,"20":0,"21":0,"22":0,"23":0,"24":0,"25":0},"fnMap":{"1":{"name":"_interopRequireDefault","line":9,"loc":{"start":{"line":0,"column":0},"end":{"line":0,"column":0},"skip":true},"skip":true},"2":{"name":"(anonymous_2)","line":11,"loc":{"start":{"line":5,"column":29},"end":{"line":5,"column":35}}},"3":{"name":"(anonymous_3)","line":13,"loc":{"start":{"line":7,"column":31},"end":{"line":7,"column":37}}},"4":{"name":"(anonymous_4)","line":26,"loc":{"start":{"line":21,"column":28},"end":{"line":21,"column":34}}},"5":{"name":"(anonymous_5)","line":28,"loc":{"start":{"line":23,"column":43},"end":{"line":23,"column":49}}},"6":{"name":"(anonymous_6)","line":36,"loc":{"start":{"line":31,"column":40},"end":{"line":31,"column":46}}},"7":{"name":"(anonymous_7)","line":44,"loc":{"start":{"line":39,"column":43},"end":{"line":39,"column":49}}},"8":{"name":"(anonymous_8)","line":53,"loc":{"start":{"line":49,"column":27},"end":{"line":49,"column":33}}},"9":{"name":"(anonymous_9)","line":57,"loc":{"start":{"line":53,"column":44},"end":{"line":53,"column":50}}},"10":{"name":"(anonymous_10)","line":66,"loc":{"start":{"line":62,"column":42},"end":{"line":62,"column":48}}},"11":{"name":"(anonymous_11)","line":76,"loc":{"start":{"line":73,"column":27},"end":{"line":73,"column":33}}},"12":{"name":"(anonymous_12)","line":83,"loc":{"start":{"line":80,"column":33},"end":{"line":80,"column":39}}},"13":{"name":"(anonymous_13)","line":92,"loc":{"start":{"line":89,"column":34},"end":{"line":89,"column":40}}},"14":{"name":"(anonymous_14)","line":101,"loc":{"start":{"line":98,"column":36},"end":{"line":98,"column":42}}},"15":{"name":"(anonymous_15)","line":110,"loc":{"start":{"line":107,"column":35},"end":{"line":107,"column":41}}},"16":{"name":"(anonymous_16)","line":119,"loc":{"start":{"line":116,"column":37},"end":{"line":116,"column":43}}},"17":{"name":"(anonymous_17)","line":128,"loc":{"start":{"line":125,"column":37},"end":{"line":125,"column":43}}},"18":{"name":"(anonymous_18)","line":137,"loc":{"start":{"line":134,"column":37},"end":{"line":134,"column":43}}},"19":{"name":"(anonymous_19)","line":146,"loc":{"start":{"line":143,"column":37},"end":{"line":143,"column":43}}},"20":{"name":"(anonymous_20)","line":156,"loc":{"start":{"line":154,"column":29},"end":{"line":154,"column":35}}},"21":{"name":"(anonymous_21)","line":157,"loc":{"start":{"line":155,"column":37},"end":{"line":155,"column":43}}},"22":{"name":"(anonymous_22)","line":168,"loc":{"start":{"line":166,"column":27},"end":{"line":166,"column":33}}},"23":{"name":"(anonymous_23)","line":169,"loc":{"start":{"line":167,"column":37},"end":{"line":167,"column":43}}},"24":{"name":"(anonymous_24)","line":186,"loc":{"start":{"line":184,"column":36},"end":{"line":184,"column":42}}},"25":{"name":"(anonymous_25)","line":195,"loc":{"start":{"line":193,"column":36},"end":{"line":193,"column":42}}}},"statementMap":{"1":{"start":{"line":1,"column":-15},"end":{"line":1,"column":-15}},"2":{"start":{"line":2,"column":0},"end":{"line":2,"column":0}},"3":{"start":{"line":0,"column":0},"end":{"line":0,"column":0},"skip":true},"4":{"start":{"line":0,"column":0},"end":{"line":0,"column":0},"skip":true},"5":{"start":{"line":0,"column":0},"end":{"line":0,"column":0},"skip":true},"6":{"start":{"line":5,"column":0},"end":{"line":5,"column":0}},"7":{"start":{"line":7,"column":1},"end":{"line":7,"column":1}},"8":{"start":{"line":8,"column":2},"end":{"line":8,"column":2}},"9":{"start":{"line":16,"column":2},"end":{"line":16,"column":2}},"10":{"start":{"line":21,"column":0},"end":{"line":21,"column":0}},"11":{"start":{"line":23,"column":1},"end":{"line":23,"column":1}},"12":{"start":{"line":24,"column":2},"end":{"line":24,"column":2}},"13":{"start":{"line":27,"column":2},"end":{"line":27,"column":2}},"14":{"start":{"line":28,"column":2},"end":{"line":28,"column":2}},"15":{"start":{"line":31,"column":1},"end":{"line":31,"column":1}},"16":{"start":{"line":32,"column":2},"end":{"line":32,"column":2}},"17":{"start":{"line":35,"column":2},"end":{"line":35,"column":2}},"18":{"start":{"line":36,"column":2},"end":{"line":36,"column":2}},"19":{"start":{"line":39,"column":1},"end":{"line":39,"column":1}},"20":{"start":{"line":40,"column":2},"end":{"line":40,"column":2}},"21":{"start":{"line":43,"column":2},"end":{"line":43,"column":2}},"22":{"start":{"line":44,"column":2},"end":{"line":44,"column":2}},"23":{"start":{"line":49,"column":0},"end":{"line":49,"column":0}},"24":{"start":{"line":51,"column":1},"end":{"line":51,"column":1}},"25":{"start":{"line":53,"column":1},"end":{"line":53,"column":1}},"26":{"start":{"line":54,"column":2},"end":{"line":54,"column":2}},"27":{"start":{"line":58,"column":2},"end":{"line":58,"column":2}},"28":{"start":{"line":59,"column":2},"end":{"line":59,"column":2}},"29":{"start":{"line":62,"column":1},"end":{"line":62,"column":1}},"30":{"start":{"line":63,"column":2},"end":{"line":63,"column":2}},"31":{"start":{"line":67,"column":2},"end":{"line":67,"column":2}},"32":{"start":{"line":68,"column":2},"end":{"line":68,"column":2}},"33":{"start":{"line":73,"column":0},"end":{"line":73,"column":0}},"34":{"start":{"line":75,"column":1},"end":{"line":75,"column":1}},"35":{"start":{"line":80,"column":1},"end":{"line":80,"column":1}},"36":{"start":{"line":81,"column":2},"end":{"line":81,"column":2}},"37":{"start":{"line":82,"column":2},"end":{"line":82,"column":2}},"38":{"start":{"line":86,"column":2},"end":{"line":86,"column":2}},"39":{"start":{"line":89,"column":1},"end":{"line":89,"column":1}},"40":{"start":{"line":90,"column":2},"end":{"line":90,"column":2}},"41":{"start":{"line":91,"column":2},"end":{"line":91,"column":2}},"42":{"start":{"line":95,"column":2},"end":{"line":95,"column":2}},"43":{"start":{"line":98,"column":1},"end":{"line":98,"column":1}},"44":{"start":{"line":99,"column":2},"end":{"line":99,"column":2}},"45":{"start":{"line":100,"column":2},"end":{"line":100,"column":2}},"46":{"start":{"line":104,"column":2},"end":{"line":104,"column":2}},"47":{"start":{"line":107,"column":1},"end":{"line":107,"column":1}},"48":{"start":{"line":108,"column":2},"end":{"line":108,"column":2}},"49":{"start":{"line":109,"column":2},"end":{"line":109,"column":2}},"50":{"start":{"line":113,"column":2},"end":{"line":113,"column":2}},"51":{"start":{"line":116,"column":1},"end":{"line":116,"column":1}},"52":{"start":{"line":117,"column":2},"end":{"line":117,"column":2}},"53":{"start":{"line":118,"column":2},"end":{"line":118,"column":2}},"54":{"start":{"line":122,"column":2},"end":{"line":122,"column":2}},"55":{"start":{"line":125,"column":1},"end":{"line":125,"column":1}},"56":{"start":{"line":126,"column":2},"end":{"line":126,"column":2}},"57":{"start":{"line":127,"column":2},"end":{"line":127,"column":2}},"58":{"start":{"line":131,"column":2},"end":{"line":131,"column":2}},"59":{"start":{"line":134,"column":1},"end":{"line":134,"column":1}},"60":{"start":{"line":135,"column":2},"end":{"line":135,"column":2}},"61":{"start":{"line":136,"column":2},"end":{"line":136,"column":2}},"62":{"start":{"line":140,"column":2},"end":{"line":140,"column":2}},"63":{"start":{"line":143,"column":1},"end":{"line":143,"column":1}},"64":{"start":{"line":144,"column":2},"end":{"line":144,"column":2}},"65":{"start":{"line":145,"column":2},"end":{"line":145,"column":2}},"66":{"start":{"line":149,"column":2},"end":{"line":149,"column":2}},"67":{"start":{"line":154,"column":0},"end":{"line":154,"column":0}},"68":{"start":{"line":155,"column":1},"end":{"line":155,"column":1}},"69":{"start":{"line":156,"column":2},"end":{"line":156,"column":2}},"70":{"start":{"line":157,"column":2},"end":{"line":157,"column":2}},"71":{"start":{"line":159,"column":2},"end":{"line":159,"column":2}},"72":{"start":{"line":162,"column":2},"end":{"line":162,"column":2}},"73":{"start":{"line":166,"column":0},"end":{"line":166,"column":0}},"74":{"start":{"line":167,"column":1},"end":{"line":167,"column":1}},"75":{"start":{"line":168,"column":2},"end":{"line":168,"column":2}},"76":{"start":{"line":169,"column":2},"end":{"line":169,"column":2}},"77":{"start":{"line":174,"column":2},"end":{"line":174,"column":2}},"78":{"start":{"line":181,"column":2},"end":{"line":181,"column":2}},"79":{"start":{"line":184,"column":1},"end":{"line":184,"column":1}},"80":{"start":{"line":185,"column":2},"end":{"line":185,"column":2}},"81":{"start":{"line":186,"column":2},"end":{"line":186,"column":2}},"82":{"start":{"line":187,"column":2},"end":{"line":187,"column":2}},"83":{"start":{"line":190,"column":2},"end":{"line":190,"column":2}},"84":{"start":{"line":193,"column":1},"end":{"line":193,"column":1}},"85":{"start":{"line":194,"column":2},"end":{"line":194,"column":2}},"86":{"start":{"line":195,"column":2},"end":{"line":195,"column":2}},"87":{"start":{"line":196,"column":2},"end":{"line":196,"column":2}},"88":{"start":{"line":199,"column":2},"end":{"line":199,"column":2}}},"branchMap":{"1":{"line":9,"type":"cond-expr","locations":[{"start":{"line":0,"column":0},"end":{"line":0,"column":0},"skip":true},{"start":{"line":0,"column":0},"end":{"line":0,"column":0},"skip":true}]},"2":{"line":9,"type":"binary-expr","locations":[{"start":{"line":0,"column":0},"end":{"line":0,"column":0},"skip":true},{"start":{"line":0,"column":0},"end":{"line":0,"column":0},"skip":true}]}}}}